<?xml version="1.0" encoding="UTF-8"?>
<TestRun id="7ff744ea-ab9e-4633-bb84-a4415cc6279e" name="Antonio@ASUS 2014-07-29 22:46:48" runUser="ASUS\Antonio" xmlns="http://microsoft.com/schemas/VisualStudio/TeamTest/2010">
  <TestSettings name="Local" id="1eac7b48-8cea-4ebb-8de2-83729d3f2ba6">
    <Description>These are default test settings for a local test run.</Description>
    <Deployment enabled="false" runDeploymentRoot="Antonio_ASUS 2014-07-29 22_46_48">
      <DeploymentItem filename="C:\Users\Antonio\Desktop\Ventura20140728\Ventura\AplicacionSistemaVentura\bin\Debug\WPF.MDI.dll" />
      <DeploymentItem filename="C:\Users\Antonio\Desktop\Ventura20140728\Ventura\AplicacionSistemaVentura\bin\Debug\VIBlend.WPF.Utilities.dll" />
      <DeploymentItem filename="C:\Users\Antonio\Desktop\Ventura20140728\Ventura\Utilitarios\bin\Debug\Utilitarios.dll" />
      <DeploymentItem filename="C:\Users\Antonio\Desktop\Ventura20140728\Ventura\Entities\bin\Debug\Entities.dll" />
      <DeploymentItem filename="C:\Users\Antonio\Desktop\Ventura20140728\Ventura\AplicacionSistemaVentura\bin\Debug\iSBO_DA.dll" />
      <DeploymentItem filename="C:\Users\Antonio\Desktop\Ventura20140728\Ventura\AplicacionSistemaVentura\bin\Debug\AplicacionVentura.exe" />
      <DeploymentItem filename="C:\Users\Antonio\Desktop\Ventura20140728\Ventura\AplicacionSistemaVentura\bin\Debug\AplicacionSistemaVentura.exe" />
      <DeploymentItem filename="C:\Program Files (x86)\DevExpress 14.1\Components\Bin\Framework\DevExpress.Images.v14.1.dll" />
      <DeploymentItem filename="C:\Users\Antonio\Desktop\Ventura20140728\Ventura\AplicacionSistemaVentura\bin\Debug\iSBO_BE.dll" />
      <DeploymentItem filename="C:\Users\Antonio\Desktop\Ventura20140728\Ventura\AplicacionSistemaVentura\bin\Debug\VIBlend.WPF.Editors.dll" />
      <DeploymentItem filename="C:\Program Files (x86)\VIBlend\WPF Controls v.5.0\VIBlend.WPF.DataGrid.dll" />
      <DeploymentItem filename="C:\Users\Antonio\Desktop\Ventura20140728\Ventura\Business\bin\Debug\Business.dll" />
      <DeploymentItem filename="C:\Users\Antonio\Desktop\Ventura20140728\Ventura\AplicacionSistemaVentura\bin\Debug\InterfazMTTO.dll" />
      <DeploymentItem filename="C:\Users\Antonio\Desktop\Ventura20140728\Ventura\AplicacionSistemaVentura\bin\Debug\iSBO_Util.dll" />
    </Deployment>
    <Execution>
      <TestTypeSpecific />
      <AgentRule name="Execution Agents">
      </AgentRule>
    </Execution>
  </TestSettings>
  <Times creation="2014-07-29T22:46:48.5835225-05:00" queuing="2014-07-29T22:46:48.8436946-05:00" start="2014-07-29T22:46:48.8767161-05:00" finish="2014-07-29T22:46:50.0130775-05:00" />
  <ResultSummary outcome="Warning">
    <Counters total="1" executed="1" passed="1" error="0" failed="0" timeout="0" aborted="0" inconclusive="0" passedButRunAborted="0" notRunnable="0" notExecuted="0" disconnected="0" warning="0" completed="0" inProgress="0" pending="0" />
    <RunInfos>
      <RunInfo computerName="ASUS" outcome="Warning" timestamp="2014-07-29T22:46:48.6585725-05:00">
        <Text>Deployment is currently disabled. The deployment item 'AplicacionSistemaVentura.exe' on test 'TDDVentura.GestPerfilNeumaticoTest.PintarLlantaRepuestoTest' was not deployed.</Text>
      </RunInfo>
    </RunInfos>
  </ResultSummary>
  <TestDefinitions>
    <UnitTest name="PintarLlantaRepuestoTest" storage="c:\users\antonio\desktop\ventura20140728\ventura\tddventura\bin\debug\tddventura.dll" id="d3e582fd-fda3-ef2a-80e1-dc06b091bf4c">
      <DeploymentItems>
        <DeploymentItem filename="AplicacionSistemaVentura.exe" />
      </DeploymentItems>
      <Execution id="9921ef21-2063-4fa3-b588-a2a0c0e551a0" />
      <TestMethod codeBase="C:/Users/Antonio/Desktop/Ventura20140728/Ventura/TDDVentura/bin/Debug/TDDVentura.DLL" adapterTypeName="Microsoft.VisualStudio.TestTools.TestTypes.Unit.UnitTestAdapter, Microsoft.VisualStudio.QualityTools.Tips.UnitTest.Adapter, Version=10.0.0.0, Culture=neutral, PublicKeyToken=b03f5f7f11d50a3a" className="TDDVentura.GestPerfilNeumaticoTest, TDDVentura, Version=1.0.0.0, Culture=neutral, PublicKeyToken=null" name="PintarLlantaRepuestoTest" />
    </UnitTest>
  </TestDefinitions>
  <TestLists>
    <TestList name="Results Not in a List" id="8c84fa94-04c1-424b-9868-57a2d4851a1d" />
    <TestList name="All Loaded Results" id="19431567-8539-422a-85d7-44ee4e166bda" />
  </TestLists>
  <TestEntries>
    <TestEntry testId="d3e582fd-fda3-ef2a-80e1-dc06b091bf4c" executionId="9921ef21-2063-4fa3-b588-a2a0c0e551a0" testListId="8c84fa94-04c1-424b-9868-57a2d4851a1d" />
  </TestEntries>
  <Results>
    <UnitTestResult executionId="9921ef21-2063-4fa3-b588-a2a0c0e551a0" testId="d3e582fd-fda3-ef2a-80e1-dc06b091bf4c" testName="PintarLlantaRepuestoTest" computerName="ASUS" duration="00:00:00.5981710" startTime="2014-07-29T22:46:48.8897253-05:00" endTime="2014-07-29T22:46:49.9020030-05:00" testType="13cdc9d9-ddb5-4fa4-a97d-d965ccfc6d4b" outcome="Passed" testListId="8c84fa94-04c1-424b-9868-57a2d4851a1d" relativeResultsDirectory="9921ef21-2063-4fa3-b588-a2a0c0e551a0">
    </UnitTestResult>
  </Results>
</TestRun>