<?xml version="1.0" encoding="UTF-8"?>
<TestRun id="adab68ff-f1ff-45d0-91ad-bbc85bc9e356" name="Antonio@ASUS 2014-07-30 06:25:44" runUser="ASUS\Antonio" xmlns="http://microsoft.com/schemas/VisualStudio/TeamTest/2010">
  <TestSettings name="Local" id="1eac7b48-8cea-4ebb-8de2-83729d3f2ba6">
    <Description>These are default test settings for a local test run.</Description>
    <Deployment enabled="false" runDeploymentRoot="Antonio_ASUS 2014-07-30 06_25_44">
      <DeploymentItem filename="C:\Users\Antonio\Desktop\Ventura20140728\Ventura\AplicacionSistemaVentura\bin\Debug\WPF.MDI.dll" />
      <DeploymentItem filename="C:\Users\Antonio\Desktop\Ventura20140728\Ventura\AplicacionSistemaVentura\bin\Debug\VIBlend.WPF.Utilities.dll" />
      <DeploymentItem filename="C:\Users\Antonio\Desktop\Ventura20140728\Ventura\Utilitarios\bin\Debug\Utilitarios.dll" />
      <DeploymentItem filename="C:\Users\Antonio\Desktop\Ventura20140728\Ventura\Entities\bin\Debug\Entities.dll" />
      <DeploymentItem filename="C:\Users\Antonio\Desktop\Ventura20140728\Ventura\AplicacionSistemaVentura\bin\Debug\iSBO_DA.dll" />
      <DeploymentItem filename="C:\Users\Antonio\Desktop\Ventura20140728\Ventura\AplicacionSistemaVentura\bin\Debug\AplicacionVentura.exe" />
      <DeploymentItem filename="C:\Users\Antonio\Desktop\Ventura20140728\Ventura\AplicacionSistemaVentura\bin\Debug\AplicacionSistemaVentura.exe" />
      <DeploymentItem filename="C:\Program Files (x86)\DevExpress 14.1\Components\Bin\Framework\DevExpress.Images.v14.1.dll" />
      <DeploymentItem filename="C:\Users\Antonio\Desktop\Ventura20140728\Ventura\AplicacionSistemaVentura\bin\Debug\iSBO_BE.dll" />
      <DeploymentItem filename="C:\Users\Antonio\Desktop\Ventura20140728\Ventura\AplicacionSistemaVentura\bin\Debug\VIBlend.WPF.Editors.dll" />
      <DeploymentItem filename="C:\Program Files (x86)\VIBlend\WPF Controls v.5.0\VIBlend.WPF.DataGrid.dll" />
      <DeploymentItem filename="C:\Users\Antonio\Desktop\Ventura20140728\Ventura\Business\bin\Debug\Business.dll" />
      <DeploymentItem filename="C:\Users\Antonio\Desktop\Ventura20140728\Ventura\AplicacionSistemaVentura\bin\Debug\InterfazMTTO.dll" />
      <DeploymentItem filename="C:\Users\Antonio\Desktop\Ventura20140728\Ventura\AplicacionSistemaVentura\bin\Debug\iSBO_Util.dll" />
    </Deployment>
    <Execution>
      <TestTypeSpecific />
      <AgentRule name="Execution Agents">
      </AgentRule>
    </Execution>
  </TestSettings>
  <Times creation="2014-07-30T06:25:44.1005870-05:00" queuing="2014-07-30T06:25:44.2246696-05:00" start="2014-07-30T06:25:44.2566904-05:00" finish="2014-07-30T06:25:48.6901569-05:00" />
  <ResultSummary outcome="Failed">
    <Counters total="32" executed="32" passed="2" error="0" failed="17" timeout="0" aborted="0" inconclusive="13" passedButRunAborted="0" notRunnable="0" notExecuted="0" disconnected="0" warning="0" completed="0" inProgress="0" pending="0" />
    <RunInfos>
      <RunInfo computerName="ASUS" outcome="Warning" timestamp="2014-07-30T06:25:44.2196663-05:00">
        <Text>Deployment is currently disabled. The deployment item 'AplicacionSistemaVentura.exe' on test 'TDDVentura.GestPerfilNeumaticoTest.ComboEnGrillaTest' was not deployed.</Text>
      </RunInfo>
    </RunInfos>
  </ResultSummary>
  <TestDefinitions>
    <UnitTest name="ComboEnGrillaTest" storage="c:\users\antonio\desktop\ventura20140728\ventura\tddventura\bin\debug\tddventura.dll" id="ca69f6f9-6574-3eb0-08b3-d8e1fde2504a">
      <DeploymentItems>
        <DeploymentItem filename="AplicacionSistemaVentura.exe" />
      </DeploymentItems>
      <Execution id="d3bbb9b1-47b2-4cbf-ba9a-e338c7c97f29" />
      <TestMethod codeBase="C:/Users/Antonio/Desktop/Ventura20140728/Ventura/TDDVentura/bin/Debug/TDDVentura.DLL" adapterTypeName="Microsoft.VisualStudio.TestTools.TestTypes.Unit.UnitTestAdapter, Microsoft.VisualStudio.QualityTools.Tips.UnitTest.Adapter, Version=10.0.0.0, Culture=neutral, PublicKeyToken=b03f5f7f11d50a3a" className="TDDVentura.GestPerfilNeumaticoTest, TDDVentura, Version=1.0.0.0, Culture=neutral, PublicKeyToken=null" name="ComboEnGrillaTest" />
    </UnitTest>
    <UnitTest name="btnNuevo_ClickTest" storage="c:\users\antonio\desktop\ventura20140728\ventura\tddventura\bin\debug\tddventura.dll" id="b8c84d8e-4b9b-f64d-be5d-9b02bdddf3f1">
      <DeploymentItems>
        <DeploymentItem filename="AplicacionSistemaVentura.exe" />
      </DeploymentItems>
      <Execution id="370dd31a-7f38-4694-91b1-f8e08ebcd7a7" />
      <TestMethod codeBase="C:/Users/Antonio/Desktop/Ventura20140728/Ventura/TDDVentura/bin/Debug/TDDVentura.DLL" adapterTypeName="Microsoft.VisualStudio.TestTools.TestTypes.Unit.UnitTestAdapter, Microsoft.VisualStudio.QualityTools.Tips.UnitTest.Adapter, Version=10.0.0.0, Culture=neutral, PublicKeyToken=b03f5f7f11d50a3a" className="TDDVentura.GestPerfilNeumaticoTest, TDDVentura, Version=1.0.0.0, Culture=neutral, PublicKeyToken=null" name="btnNuevo_ClickTest" />
    </UnitTest>
    <UnitTest name="GestPerfilNeumaticoConstructorTest" storage="c:\users\antonio\desktop\ventura20140728\ventura\tddventura\bin\debug\tddventura.dll" id="c6b3da3c-b305-f359-f273-d3a6a0bc20c0">
      <Execution id="a66d1bed-173a-4dd9-97dd-5981ca0404a2" />
      <TestMethod codeBase="C:/Users/Antonio/Desktop/Ventura20140728/Ventura/TDDVentura/bin/Debug/TDDVentura.DLL" adapterTypeName="Microsoft.VisualStudio.TestTools.TestTypes.Unit.UnitTestAdapter, Microsoft.VisualStudio.QualityTools.Tips.UnitTest.Adapter, Version=10.0.0.0, Culture=neutral, PublicKeyToken=b03f5f7f11d50a3a" className="TDDVentura.GestPerfilNeumaticoTest, TDDVentura, Version=1.0.0.0, Culture=neutral, PublicKeyToken=null" name="GestPerfilNeumaticoConstructorTest" />
    </UnitTest>
    <UnitTest name="LimpiarControlesTest" storage="c:\users\antonio\desktop\ventura20140728\ventura\tddventura\bin\debug\tddventura.dll" id="6361acdc-dcba-73b3-4473-e46e9bf64d59">
      <DeploymentItems>
        <DeploymentItem filename="AplicacionSistemaVentura.exe" />
      </DeploymentItems>
      <Execution id="4cb038d9-49e4-40d6-aa7e-0eb1260e12c6" />
      <TestMethod codeBase="C:/Users/Antonio/Desktop/Ventura20140728/Ventura/TDDVentura/bin/Debug/TDDVentura.DLL" adapterTypeName="Microsoft.VisualStudio.TestTools.TestTypes.Unit.UnitTestAdapter, Microsoft.VisualStudio.QualityTools.Tips.UnitTest.Adapter, Version=10.0.0.0, Culture=neutral, PublicKeyToken=b03f5f7f11d50a3a" className="TDDVentura.GestPerfilNeumaticoTest, TDDVentura, Version=1.0.0.0, Culture=neutral, PublicKeyToken=null" name="LimpiarControlesTest" />
    </UnitTest>
    <UnitTest name="OutFocusTest" storage="c:\users\antonio\desktop\ventura20140728\ventura\tddventura\bin\debug\tddventura.dll" id="11c777dd-0af4-f0d8-77a4-88d47b2ecec0">
      <DeploymentItems>
        <DeploymentItem filename="AplicacionSistemaVentura.exe" />
      </DeploymentItems>
      <Execution id="41836e70-7524-4c37-9e85-2172010fce80" />
      <TestMethod codeBase="C:/Users/Antonio/Desktop/Ventura20140728/Ventura/TDDVentura/bin/Debug/TDDVentura.DLL" adapterTypeName="Microsoft.VisualStudio.TestTools.TestTypes.Unit.UnitTestAdapter, Microsoft.VisualStudio.QualityTools.Tips.UnitTest.Adapter, Version=10.0.0.0, Culture=neutral, PublicKeyToken=b03f5f7f11d50a3a" className="TDDVentura.GestPerfilNeumaticoTest, TDDVentura, Version=1.0.0.0, Culture=neutral, PublicKeyToken=null" name="OutFocusTest" />
    </UnitTest>
    <UnitTest name="cboLlanRepu_SelectedIndexChangedTest" storage="c:\users\antonio\desktop\ventura20140728\ventura\tddventura\bin\debug\tddventura.dll" id="3350f1ef-bae7-a170-28a2-f6d4ef908ec2">
      <DeploymentItems>
        <DeploymentItem filename="AplicacionSistemaVentura.exe" />
      </DeploymentItems>
      <Execution id="a25d1fef-3941-48c2-ae82-aa38c4455a33" />
      <TestMethod codeBase="C:/Users/Antonio/Desktop/Ventura20140728/Ventura/TDDVentura/bin/Debug/TDDVentura.DLL" adapterTypeName="Microsoft.VisualStudio.TestTools.TestTypes.Unit.UnitTestAdapter, Microsoft.VisualStudio.QualityTools.Tips.UnitTest.Adapter, Version=10.0.0.0, Culture=neutral, PublicKeyToken=b03f5f7f11d50a3a" className="TDDVentura.GestPerfilNeumaticoTest, TDDVentura, Version=1.0.0.0, Culture=neutral, PublicKeyToken=null" name="cboLlanRepu_SelectedIndexChangedTest" />
    </UnitTest>
    <UnitTest name="MensajeTest" storage="c:\users\antonio\desktop\ventura20140728\ventura\tddventura\bin\debug\tddventura.dll" id="6dd6745c-2f58-acd9-85bc-b1e650de69e6">
      <DeploymentItems>
        <DeploymentItem filename="AplicacionSistemaVentura.exe" />
      </DeploymentItems>
      <Execution id="bc7fe6b8-dd53-4551-b8d7-d062b7644c29" />
      <TestMethod codeBase="C:/Users/Antonio/Desktop/Ventura20140728/Ventura/TDDVentura/bin/Debug/TDDVentura.DLL" adapterTypeName="Microsoft.VisualStudio.TestTools.TestTypes.Unit.UnitTestAdapter, Microsoft.VisualStudio.QualityTools.Tips.UnitTest.Adapter, Version=10.0.0.0, Culture=neutral, PublicKeyToken=b03f5f7f11d50a3a" className="TDDVentura.GestPerfilNeumaticoTest, TDDVentura, Version=1.0.0.0, Culture=neutral, PublicKeyToken=null" name="MensajeTest" />
    </UnitTest>
    <UnitTest name="dtgPerfNeum_MouseDoubleClickTest" storage="c:\users\antonio\desktop\ventura20140728\ventura\tddventura\bin\debug\tddventura.dll" id="39da4c68-d679-c2d7-f103-8758675e8bef">
      <DeploymentItems>
        <DeploymentItem filename="AplicacionSistemaVentura.exe" />
      </DeploymentItems>
      <Execution id="c51b8805-a126-42d4-9bd2-434c1bcc0464" />
      <TestMethod codeBase="C:/Users/Antonio/Desktop/Ventura20140728/Ventura/TDDVentura/bin/Debug/TDDVentura.DLL" adapterTypeName="Microsoft.VisualStudio.TestTools.TestTypes.Unit.UnitTestAdapter, Microsoft.VisualStudio.QualityTools.Tips.UnitTest.Adapter, Version=10.0.0.0, Culture=neutral, PublicKeyToken=b03f5f7f11d50a3a" className="TDDVentura.GestPerfilNeumaticoTest, TDDVentura, Version=1.0.0.0, Culture=neutral, PublicKeyToken=null" name="dtgPerfNeum_MouseDoubleClickTest" />
    </UnitTest>
    <UnitTest name="PintarLlantaRepuestoTest" storage="c:\users\antonio\desktop\ventura20140728\ventura\tddventura\bin\debug\tddventura.dll" id="d3e582fd-fda3-ef2a-80e1-dc06b091bf4c">
      <DeploymentItems>
        <DeploymentItem filename="AplicacionSistemaVentura.exe" />
      </DeploymentItems>
      <Execution id="5e7b5c20-9acf-4ef8-b804-1063640f8a4f" />
      <TestMethod codeBase="C:/Users/Antonio/Desktop/Ventura20140728/Ventura/TDDVentura/bin/Debug/TDDVentura.DLL" adapterTypeName="Microsoft.VisualStudio.TestTools.TestTypes.Unit.UnitTestAdapter, Microsoft.VisualStudio.QualityTools.Tips.UnitTest.Adapter, Version=10.0.0.0, Culture=neutral, PublicKeyToken=b03f5f7f11d50a3a" className="TDDVentura.GestPerfilNeumaticoTest, TDDVentura, Version=1.0.0.0, Culture=neutral, PublicKeyToken=null" name="PintarLlantaRepuestoTest" />
    </UnitTest>
    <UnitTest name="DetallePerfilNeumaticoTest" storage="c:\users\antonio\desktop\ventura20140728\ventura\tddventura\bin\debug\tddventura.dll" id="d55aab20-b9c5-4a2d-3177-a2f8f5f39c9b">
      <DeploymentItems>
        <DeploymentItem filename="AplicacionSistemaVentura.exe" />
      </DeploymentItems>
      <Execution id="243ced0b-9c44-4cab-aa34-cd6c1372d9f5" />
      <TestMethod codeBase="C:/Users/Antonio/Desktop/Ventura20140728/Ventura/TDDVentura/bin/Debug/TDDVentura.DLL" adapterTypeName="Microsoft.VisualStudio.TestTools.TestTypes.Unit.UnitTestAdapter, Microsoft.VisualStudio.QualityTools.Tips.UnitTest.Adapter, Version=10.0.0.0, Culture=neutral, PublicKeyToken=b03f5f7f11d50a3a" className="TDDVentura.GestPerfilNeumaticoTest, TDDVentura, Version=1.0.0.0, Culture=neutral, PublicKeyToken=null" name="DetallePerfilNeumaticoTest" />
    </UnitTest>
    <UnitTest name="ConnectTest" storage="c:\users\antonio\desktop\ventura20140728\ventura\tddventura\bin\debug\tddventura.dll" id="90e48841-9508-a43f-fbc8-f29a03ce34e0">
      <DeploymentItems>
        <DeploymentItem filename="AplicacionSistemaVentura.exe" />
      </DeploymentItems>
      <Execution id="3f461343-8a2c-49fe-9e6d-761f4d28319a" />
      <TestMethod codeBase="C:/Users/Antonio/Desktop/Ventura20140728/Ventura/TDDVentura/bin/Debug/TDDVentura.DLL" adapterTypeName="Microsoft.VisualStudio.TestTools.TestTypes.Unit.UnitTestAdapter, Microsoft.VisualStudio.QualityTools.Tips.UnitTest.Adapter, Version=10.0.0.0, Culture=neutral, PublicKeyToken=b03f5f7f11d50a3a" className="TDDVentura.GestPerfilNeumaticoTest, TDDVentura, Version=1.0.0.0, Culture=neutral, PublicKeyToken=null" name="ConnectTest" />
    </UnitTest>
    <UnitTest name="btnGrabar_ClickTest" storage="c:\users\antonio\desktop\ventura20140728\ventura\tddventura\bin\debug\tddventura.dll" id="c34a7807-1e8f-c9a3-ac6c-4e8a2d3a8f28">
      <DeploymentItems>
        <DeploymentItem filename="AplicacionSistemaVentura.exe" />
      </DeploymentItems>
      <Execution id="bc7c3e68-0170-4081-a203-a705d0541c74" />
      <TestMethod codeBase="C:/Users/Antonio/Desktop/Ventura20140728/Ventura/TDDVentura/bin/Debug/TDDVentura.DLL" adapterTypeName="Microsoft.VisualStudio.TestTools.TestTypes.Unit.UnitTestAdapter, Microsoft.VisualStudio.QualityTools.Tips.UnitTest.Adapter, Version=10.0.0.0, Culture=neutral, PublicKeyToken=b03f5f7f11d50a3a" className="TDDVentura.GestPerfilNeumaticoTest, TDDVentura, Version=1.0.0.0, Culture=neutral, PublicKeyToken=null" name="btnGrabar_ClickTest" />
    </UnitTest>
    <UnitTest name="cboNroLlanta_SelectedIndexChangedTest" storage="c:\users\antonio\desktop\ventura20140728\ventura\tddventura\bin\debug\tddventura.dll" id="34633317-8120-3ba5-dc7b-d26e0e8fe124">
      <DeploymentItems>
        <DeploymentItem filename="AplicacionSistemaVentura.exe" />
      </DeploymentItems>
      <Execution id="ea07ce05-0888-4746-8c3f-29f9d650ab12" />
      <TestMethod codeBase="C:/Users/Antonio/Desktop/Ventura20140728/Ventura/TDDVentura/bin/Debug/TDDVentura.DLL" adapterTypeName="Microsoft.VisualStudio.TestTools.TestTypes.Unit.UnitTestAdapter, Microsoft.VisualStudio.QualityTools.Tips.UnitTest.Adapter, Version=10.0.0.0, Culture=neutral, PublicKeyToken=b03f5f7f11d50a3a" className="TDDVentura.GestPerfilNeumaticoTest, TDDVentura, Version=1.0.0.0, Culture=neutral, PublicKeyToken=null" name="cboNroLlanta_SelectedIndexChangedTest" />
    </UnitTest>
    <UnitTest name="tbvPerfNeumEje_ShowingEditorTest" storage="c:\users\antonio\desktop\ventura20140728\ventura\tddventura\bin\debug\tddventura.dll" id="8b6778f1-037d-45dd-245d-e889450b603b">
      <DeploymentItems>
        <DeploymentItem filename="AplicacionSistemaVentura.exe" />
      </DeploymentItems>
      <Execution id="746952b9-92d2-425c-91fa-7356ff10d4e8" />
      <TestMethod codeBase="C:/Users/Antonio/Desktop/Ventura20140728/Ventura/TDDVentura/bin/Debug/TDDVentura.DLL" adapterTypeName="Microsoft.VisualStudio.TestTools.TestTypes.Unit.UnitTestAdapter, Microsoft.VisualStudio.QualityTools.Tips.UnitTest.Adapter, Version=10.0.0.0, Culture=neutral, PublicKeyToken=b03f5f7f11d50a3a" className="TDDVentura.GestPerfilNeumaticoTest, TDDVentura, Version=1.0.0.0, Culture=neutral, PublicKeyToken=null" name="tbvPerfNeumEje_ShowingEditorTest" />
    </UnitTest>
    <UnitTest name="UserControl_LoadedTest" storage="c:\users\antonio\desktop\ventura20140728\ventura\tddventura\bin\debug\tddventura.dll" id="cd692052-1e14-8b68-94e8-48fd0eaf37eb">
      <DeploymentItems>
        <DeploymentItem filename="AplicacionSistemaVentura.exe" />
      </DeploymentItems>
      <Execution id="4540b2cb-a2df-4c34-bfb3-0c4cc3f56a21" />
      <TestMethod codeBase="C:/Users/Antonio/Desktop/Ventura20140728/Ventura/TDDVentura/bin/Debug/TDDVentura.DLL" adapterTypeName="Microsoft.VisualStudio.TestTools.TestTypes.Unit.UnitTestAdapter, Microsoft.VisualStudio.QualityTools.Tips.UnitTest.Adapter, Version=10.0.0.0, Culture=neutral, PublicKeyToken=b03f5f7f11d50a3a" className="TDDVentura.GestPerfilNeumaticoTest, TDDVentura, Version=1.0.0.0, Culture=neutral, PublicKeyToken=null" name="UserControl_LoadedTest" />
    </UnitTest>
    <UnitTest name="InitializeComponentTest" storage="c:\users\antonio\desktop\ventura20140728\ventura\tddventura\bin\debug\tddventura.dll" id="d3f917b7-7d71-0dec-4604-1a2bcf60978b">
      <Execution id="205aa757-1323-43bf-9f62-ee2da535f2c3" />
      <TestMethod codeBase="C:/Users/Antonio/Desktop/Ventura20140728/Ventura/TDDVentura/bin/Debug/TDDVentura.DLL" adapterTypeName="Microsoft.VisualStudio.TestTools.TestTypes.Unit.UnitTestAdapter, Microsoft.VisualStudio.QualityTools.Tips.UnitTest.Adapter, Version=10.0.0.0, Culture=neutral, PublicKeyToken=b03f5f7f11d50a3a" className="TDDVentura.GestPerfilNeumaticoTest, TDDVentura, Version=1.0.0.0, Culture=neutral, PublicKeyToken=null" name="InitializeComponentTest" />
    </UnitTest>
    <UnitTest name="ValidaCampoObligadoTest" storage="c:\users\antonio\desktop\ventura20140728\ventura\tddventura\bin\debug\tddventura.dll" id="b2ed2b79-3302-03b0-5c80-29da7832a8fb">
      <DeploymentItems>
        <DeploymentItem filename="AplicacionSistemaVentura.exe" />
      </DeploymentItems>
      <Execution id="a6e6120a-dc20-4a77-8047-fd7275a671ae" />
      <TestMethod codeBase="C:/Users/Antonio/Desktop/Ventura20140728/Ventura/TDDVentura/bin/Debug/TDDVentura.DLL" adapterTypeName="Microsoft.VisualStudio.TestTools.TestTypes.Unit.UnitTestAdapter, Microsoft.VisualStudio.QualityTools.Tips.UnitTest.Adapter, Version=10.0.0.0, Culture=neutral, PublicKeyToken=b03f5f7f11d50a3a" className="TDDVentura.GestPerfilNeumaticoTest, TDDVentura, Version=1.0.0.0, Culture=neutral, PublicKeyToken=null" name="ValidaCampoObligadoTest" />
    </UnitTest>
    <UnitTest name="OnFocusTest" storage="c:\users\antonio\desktop\ventura20140728\ventura\tddventura\bin\debug\tddventura.dll" id="4e485c4f-a7e9-6a97-d8e7-746b90629991">
      <DeploymentItems>
        <DeploymentItem filename="AplicacionSistemaVentura.exe" />
      </DeploymentItems>
      <Execution id="e4c38964-077c-4cfa-b1df-a89e2d77ce19" />
      <TestMethod codeBase="C:/Users/Antonio/Desktop/Ventura20140728/Ventura/TDDVentura/bin/Debug/TDDVentura.DLL" adapterTypeName="Microsoft.VisualStudio.TestTools.TestTypes.Unit.UnitTestAdapter, Microsoft.VisualStudio.QualityTools.Tips.UnitTest.Adapter, Version=10.0.0.0, Culture=neutral, PublicKeyToken=b03f5f7f11d50a3a" className="TDDVentura.GestPerfilNeumaticoTest, TDDVentura, Version=1.0.0.0, Culture=neutral, PublicKeyToken=null" name="OnFocusTest" />
    </UnitTest>
    <UnitTest name="btnEditar_ClickTest" storage="c:\users\antonio\desktop\ventura20140728\ventura\tddventura\bin\debug\tddventura.dll" id="57c22915-1571-3ea8-b1d3-5bb3f1000b53">
      <DeploymentItems>
        <DeploymentItem filename="AplicacionSistemaVentura.exe" />
      </DeploymentItems>
      <Execution id="ecfd1f99-5311-49c6-8cbe-fa7921750b1b" />
      <TestMethod codeBase="C:/Users/Antonio/Desktop/Ventura20140728/Ventura/TDDVentura/bin/Debug/TDDVentura.DLL" adapterTypeName="Microsoft.VisualStudio.TestTools.TestTypes.Unit.UnitTestAdapter, Microsoft.VisualStudio.QualityTools.Tips.UnitTest.Adapter, Version=10.0.0.0, Culture=neutral, PublicKeyToken=b03f5f7f11d50a3a" className="TDDVentura.GestPerfilNeumaticoTest, TDDVentura, Version=1.0.0.0, Culture=neutral, PublicKeyToken=null" name="btnEditar_ClickTest" />
    </UnitTest>
    <UnitTest name="GestPerfilNeumaticoConstructorTest1" storage="c:\users\antonio\desktop\ventura20140728\ventura\tddventura\bin\debug\tddventura.dll" id="0848aa6c-780c-1647-89fc-4a00f35cb2b0">
      <Execution id="ef7d4473-b34a-4a09-882f-ca40e7605e77" />
      <TestMethod codeBase="C:/Users/Antonio/Desktop/Ventura20140728/Ventura/TDDVentura/bin/Debug/TDDVentura.DLL" adapterTypeName="Microsoft.VisualStudio.TestTools.TestTypes.Unit.UnitTestAdapter, Microsoft.VisualStudio.QualityTools.Tips.UnitTest.Adapter, Version=10.0.0.0, Culture=neutral, PublicKeyToken=b03f5f7f11d50a3a" className="TDDVentura.GestPerfilNeumaticoTest, TDDVentura, Version=1.0.0.0, Culture=neutral, PublicKeyToken=null" name="GestPerfilNeumaticoConstructorTest1" />
    </UnitTest>
    <UnitTest name="EstadoFormTest" storage="c:\users\antonio\desktop\ventura20140728\ventura\tddventura\bin\debug\tddventura.dll" id="a455db1e-363b-049c-80f3-977dbf6a9fd5">
      <DeploymentItems>
        <DeploymentItem filename="AplicacionSistemaVentura.exe" />
      </DeploymentItems>
      <Execution id="e5f9643c-8406-4408-8175-8254398a83c2" />
      <TestMethod codeBase="C:/Users/Antonio/Desktop/Ventura20140728/Ventura/TDDVentura/bin/Debug/TDDVentura.DLL" adapterTypeName="Microsoft.VisualStudio.TestTools.TestTypes.Unit.UnitTestAdapter, Microsoft.VisualStudio.QualityTools.Tips.UnitTest.Adapter, Version=10.0.0.0, Culture=neutral, PublicKeyToken=b03f5f7f11d50a3a" className="TDDVentura.GestPerfilNeumaticoTest, TDDVentura, Version=1.0.0.0, Culture=neutral, PublicKeyToken=null" name="EstadoFormTest" />
    </UnitTest>
    <UnitTest name="btnCancelar_ClickTest" storage="c:\users\antonio\desktop\ventura20140728\ventura\tddventura\bin\debug\tddventura.dll" id="e27987a3-b8f9-ddfd-d0b6-9ae2e8e51289">
      <DeploymentItems>
        <DeploymentItem filename="AplicacionSistemaVentura.exe" />
      </DeploymentItems>
      <Execution id="442b896e-4366-45c2-8b17-8f3d82f05d58" />
      <TestMethod codeBase="C:/Users/Antonio/Desktop/Ventura20140728/Ventura/TDDVentura/bin/Debug/TDDVentura.DLL" adapterTypeName="Microsoft.VisualStudio.TestTools.TestTypes.Unit.UnitTestAdapter, Microsoft.VisualStudio.QualityTools.Tips.UnitTest.Adapter, Version=10.0.0.0, Culture=neutral, PublicKeyToken=b03f5f7f11d50a3a" className="TDDVentura.GestPerfilNeumaticoTest, TDDVentura, Version=1.0.0.0, Culture=neutral, PublicKeyToken=null" name="btnCancelar_ClickTest" />
    </UnitTest>
    <UnitTest name="ConnectTest1" storage="c:\users\antonio\desktop\ventura20140728\ventura\tddventura\bin\debug\tddventura.dll" id="f106a0a9-d39f-1ab3-5a92-69c914f90985">
      <DeploymentItems>
        <DeploymentItem filename="AplicacionSistemaVentura.exe" />
      </DeploymentItems>
      <Execution id="08550429-6e2f-44e5-9dcc-d7326160f211" />
      <TestMethod codeBase="C:/Users/Antonio/Desktop/Ventura20140728/Ventura/TDDVentura/bin/Debug/TDDVentura.DLL" adapterTypeName="Microsoft.VisualStudio.TestTools.TestTypes.Unit.UnitTestAdapter, Microsoft.VisualStudio.QualityTools.Tips.UnitTest.Adapter, Version=10.0.0.0, Culture=neutral, PublicKeyToken=b03f5f7f11d50a3a" className="TDDVentura.GestPerfilNeumaticoTest, TDDVentura, Version=1.0.0.0, Culture=neutral, PublicKeyToken=null" name="ConnectTest1" />
    </UnitTest>
    <UnitTest name="PintarEjeTest" storage="c:\users\antonio\desktop\ventura20140728\ventura\tddventura\bin\debug\tddventura.dll" id="2d273999-c8a0-62c4-1439-ab129b651d8f">
      <DeploymentItems>
        <DeploymentItem filename="AplicacionSistemaVentura.exe" />
      </DeploymentItems>
      <Execution id="1188a4b4-dc37-429e-9d12-11508c6c90d0" />
      <TestMethod codeBase="C:/Users/Antonio/Desktop/Ventura20140728/Ventura/TDDVentura/bin/Debug/TDDVentura.DLL" adapterTypeName="Microsoft.VisualStudio.TestTools.TestTypes.Unit.UnitTestAdapter, Microsoft.VisualStudio.QualityTools.Tips.UnitTest.Adapter, Version=10.0.0.0, Culture=neutral, PublicKeyToken=b03f5f7f11d50a3a" className="TDDVentura.GestPerfilNeumaticoTest, TDDVentura, Version=1.0.0.0, Culture=neutral, PublicKeyToken=null" name="PintarEjeTest" />
    </UnitTest>
    <UnitTest name="cboNroEje_SelectedIndexChangedTest" storage="c:\users\antonio\desktop\ventura20140728\ventura\tddventura\bin\debug\tddventura.dll" id="3c2bda18-d360-568f-272c-fb0f18e86a1b">
      <DeploymentItems>
        <DeploymentItem filename="AplicacionSistemaVentura.exe" />
      </DeploymentItems>
      <Execution id="25639cf8-0951-4b1a-a535-1f59ed0dc6b8" />
      <TestMethod codeBase="C:/Users/Antonio/Desktop/Ventura20140728/Ventura/TDDVentura/bin/Debug/TDDVentura.DLL" adapterTypeName="Microsoft.VisualStudio.TestTools.TestTypes.Unit.UnitTestAdapter, Microsoft.VisualStudio.QualityTools.Tips.UnitTest.Adapter, Version=10.0.0.0, Culture=neutral, PublicKeyToken=b03f5f7f11d50a3a" className="TDDVentura.GestPerfilNeumaticoTest, TDDVentura, Version=1.0.0.0, Culture=neutral, PublicKeyToken=null" name="cboNroEje_SelectedIndexChangedTest" />
    </UnitTest>
    <UnitTest name="EstadoEdicionTest" storage="c:\users\antonio\desktop\ventura20140728\ventura\tddventura\bin\debug\tddventura.dll" id="6c100e5e-4551-8023-cd41-1ac3bd84f1ba">
      <DeploymentItems>
        <DeploymentItem filename="AplicacionSistemaVentura.exe" />
      </DeploymentItems>
      <Execution id="1ec12251-c47b-4eec-b285-a464427b03c0" />
      <TestMethod codeBase="C:/Users/Antonio/Desktop/Ventura20140728/Ventura/TDDVentura/bin/Debug/TDDVentura.DLL" adapterTypeName="Microsoft.VisualStudio.TestTools.TestTypes.Unit.UnitTestAdapter, Microsoft.VisualStudio.QualityTools.Tips.UnitTest.Adapter, Version=10.0.0.0, Culture=neutral, PublicKeyToken=b03f5f7f11d50a3a" className="TDDVentura.GestPerfilNeumaticoTest, TDDVentura, Version=1.0.0.0, Culture=neutral, PublicKeyToken=null" name="EstadoEdicionTest" />
    </UnitTest>
    <UnitTest name="ValidaLogicaNegocioTest" storage="c:\users\antonio\desktop\ventura20140728\ventura\tddventura\bin\debug\tddventura.dll" id="e6c1ca1b-aff0-7448-2e55-ad7dfbe24679">
      <DeploymentItems>
        <DeploymentItem filename="AplicacionSistemaVentura.exe" />
      </DeploymentItems>
      <Execution id="49f541b5-805a-4f55-bc7b-6474d07f6324" />
      <TestMethod codeBase="C:/Users/Antonio/Desktop/Ventura20140728/Ventura/TDDVentura/bin/Debug/TDDVentura.DLL" adapterTypeName="Microsoft.VisualStudio.TestTools.TestTypes.Unit.UnitTestAdapter, Microsoft.VisualStudio.QualityTools.Tips.UnitTest.Adapter, Version=10.0.0.0, Culture=neutral, PublicKeyToken=b03f5f7f11d50a3a" className="TDDVentura.GestPerfilNeumaticoTest, TDDVentura, Version=1.0.0.0, Culture=neutral, PublicKeyToken=null" name="ValidaLogicaNegocioTest" />
    </UnitTest>
    <UnitTest name="PintarNeumaticoTest" storage="c:\users\antonio\desktop\ventura20140728\ventura\tddventura\bin\debug\tddventura.dll" id="11a4fa1c-861b-bd8f-33a6-6d9bd2d0d5ac">
      <DeploymentItems>
        <DeploymentItem filename="AplicacionSistemaVentura.exe" />
      </DeploymentItems>
      <Execution id="9f31371f-f5bc-4521-be0e-2a5e2bb09e30" />
      <TestMethod codeBase="C:/Users/Antonio/Desktop/Ventura20140728/Ventura/TDDVentura/bin/Debug/TDDVentura.DLL" adapterTypeName="Microsoft.VisualStudio.TestTools.TestTypes.Unit.UnitTestAdapter, Microsoft.VisualStudio.QualityTools.Tips.UnitTest.Adapter, Version=10.0.0.0, Culture=neutral, PublicKeyToken=b03f5f7f11d50a3a" className="TDDVentura.GestPerfilNeumaticoTest, TDDVentura, Version=1.0.0.0, Culture=neutral, PublicKeyToken=null" name="PintarNeumaticoTest" />
    </UnitTest>
    <UnitTest name="ListarPerfilNeumaticoTest" storage="c:\users\antonio\desktop\ventura20140728\ventura\tddventura\bin\debug\tddventura.dll" id="032808ca-936c-77d5-07ff-2d8ae417dc2f">
      <DeploymentItems>
        <DeploymentItem filename="AplicacionSistemaVentura.exe" />
      </DeploymentItems>
      <Execution id="402fc15a-c461-4315-93cf-6366d00436bb" />
      <TestMethod codeBase="C:/Users/Antonio/Desktop/Ventura20140728/Ventura/TDDVentura/bin/Debug/TDDVentura.DLL" adapterTypeName="Microsoft.VisualStudio.TestTools.TestTypes.Unit.UnitTestAdapter, Microsoft.VisualStudio.QualityTools.Tips.UnitTest.Adapter, Version=10.0.0.0, Culture=neutral, PublicKeyToken=b03f5f7f11d50a3a" className="TDDVentura.GestPerfilNeumaticoTest, TDDVentura, Version=1.0.0.0, Culture=neutral, PublicKeyToken=null" name="ListarPerfilNeumaticoTest" />
    </UnitTest>
    <UnitTest name="TestMethod1" storage="c:\users\antonio\desktop\ventura20140728\ventura\tddventura\bin\debug\tddventura.dll" id="b616902b-dced-a4d9-d133-32bbf99fdb83">
      <Execution id="0c4ad9a6-69d1-49db-9f2b-24243b5cf279" />
      <TestMethod codeBase="C:/Users/Antonio/Desktop/Ventura20140728/Ventura/TDDVentura/bin/Debug/TDDVentura.DLL" adapterTypeName="Microsoft.VisualStudio.TestTools.TestTypes.Unit.UnitTestAdapter, Microsoft.VisualStudio.QualityTools.Tips.UnitTest.Adapter, Version=10.0.0.0, Culture=neutral, PublicKeyToken=b03f5f7f11d50a3a" className="TDDVentura.UnitTest1, TDDVentura, Version=1.0.0.0, Culture=neutral, PublicKeyToken=null" name="TestMethod1" />
    </UnitTest>
    <UnitTest name="LimpiarGridTest" storage="c:\users\antonio\desktop\ventura20140728\ventura\tddventura\bin\debug\tddventura.dll" id="e3f5b30e-dd1d-7e93-6278-3536b04a9ab4">
      <DeploymentItems>
        <DeploymentItem filename="AplicacionSistemaVentura.exe" />
      </DeploymentItems>
      <Execution id="6709063f-efa4-4158-93ba-ea49d47746f5" />
      <TestMethod codeBase="C:/Users/Antonio/Desktop/Ventura20140728/Ventura/TDDVentura/bin/Debug/TDDVentura.DLL" adapterTypeName="Microsoft.VisualStudio.TestTools.TestTypes.Unit.UnitTestAdapter, Microsoft.VisualStudio.QualityTools.Tips.UnitTest.Adapter, Version=10.0.0.0, Culture=neutral, PublicKeyToken=b03f5f7f11d50a3a" className="TDDVentura.GestPerfilNeumaticoTest, TDDVentura, Version=1.0.0.0, Culture=neutral, PublicKeyToken=null" name="LimpiarGridTest" />
    </UnitTest>
    <UnitTest name="txtDesc_KeyUpTest" storage="c:\users\antonio\desktop\ventura20140728\ventura\tddventura\bin\debug\tddventura.dll" id="1becd8ee-2c8a-a78d-217f-3d0559f6a784">
      <DeploymentItems>
        <DeploymentItem filename="AplicacionSistemaVentura.exe" />
      </DeploymentItems>
      <Execution id="a5494a84-c44e-4307-bf85-476d70830740" />
      <TestMethod codeBase="C:/Users/Antonio/Desktop/Ventura20140728/Ventura/TDDVentura/bin/Debug/TDDVentura.DLL" adapterTypeName="Microsoft.VisualStudio.TestTools.TestTypes.Unit.UnitTestAdapter, Microsoft.VisualStudio.QualityTools.Tips.UnitTest.Adapter, Version=10.0.0.0, Culture=neutral, PublicKeyToken=b03f5f7f11d50a3a" className="TDDVentura.GestPerfilNeumaticoTest, TDDVentura, Version=1.0.0.0, Culture=neutral, PublicKeyToken=null" name="txtDesc_KeyUpTest" />
    </UnitTest>
  </TestDefinitions>
  <TestLists>
    <TestList name="Results Not in a List" id="8c84fa94-04c1-424b-9868-57a2d4851a1d" />
    <TestList name="All Loaded Results" id="19431567-8539-422a-85d7-44ee4e166bda" />
  </TestLists>
  <TestEntries>
    <TestEntry testId="1becd8ee-2c8a-a78d-217f-3d0559f6a784" executionId="a5494a84-c44e-4307-bf85-476d70830740" testListId="8c84fa94-04c1-424b-9868-57a2d4851a1d" />
    <TestEntry testId="6dd6745c-2f58-acd9-85bc-b1e650de69e6" executionId="bc7fe6b8-dd53-4551-b8d7-d062b7644c29" testListId="8c84fa94-04c1-424b-9868-57a2d4851a1d" />
    <TestEntry testId="d3e582fd-fda3-ef2a-80e1-dc06b091bf4c" executionId="5e7b5c20-9acf-4ef8-b804-1063640f8a4f" testListId="8c84fa94-04c1-424b-9868-57a2d4851a1d" />
    <TestEntry testId="11a4fa1c-861b-bd8f-33a6-6d9bd2d0d5ac" executionId="9f31371f-f5bc-4521-be0e-2a5e2bb09e30" testListId="8c84fa94-04c1-424b-9868-57a2d4851a1d" />
    <TestEntry testId="b616902b-dced-a4d9-d133-32bbf99fdb83" executionId="0c4ad9a6-69d1-49db-9f2b-24243b5cf279" testListId="8c84fa94-04c1-424b-9868-57a2d4851a1d" />
    <TestEntry testId="c6b3da3c-b305-f359-f273-d3a6a0bc20c0" executionId="a66d1bed-173a-4dd9-97dd-5981ca0404a2" testListId="8c84fa94-04c1-424b-9868-57a2d4851a1d" />
    <TestEntry testId="2d273999-c8a0-62c4-1439-ab129b651d8f" executionId="1188a4b4-dc37-429e-9d12-11508c6c90d0" testListId="8c84fa94-04c1-424b-9868-57a2d4851a1d" />
    <TestEntry testId="34633317-8120-3ba5-dc7b-d26e0e8fe124" executionId="ea07ce05-0888-4746-8c3f-29f9d650ab12" testListId="8c84fa94-04c1-424b-9868-57a2d4851a1d" />
    <TestEntry testId="11c777dd-0af4-f0d8-77a4-88d47b2ecec0" executionId="41836e70-7524-4c37-9e85-2172010fce80" testListId="8c84fa94-04c1-424b-9868-57a2d4851a1d" />
    <TestEntry testId="8b6778f1-037d-45dd-245d-e889450b603b" executionId="746952b9-92d2-425c-91fa-7356ff10d4e8" testListId="8c84fa94-04c1-424b-9868-57a2d4851a1d" />
    <TestEntry testId="b8c84d8e-4b9b-f64d-be5d-9b02bdddf3f1" executionId="370dd31a-7f38-4694-91b1-f8e08ebcd7a7" testListId="8c84fa94-04c1-424b-9868-57a2d4851a1d" />
    <TestEntry testId="57c22915-1571-3ea8-b1d3-5bb3f1000b53" executionId="ecfd1f99-5311-49c6-8cbe-fa7921750b1b" testListId="8c84fa94-04c1-424b-9868-57a2d4851a1d" />
    <TestEntry testId="3c2bda18-d360-568f-272c-fb0f18e86a1b" executionId="25639cf8-0951-4b1a-a535-1f59ed0dc6b8" testListId="8c84fa94-04c1-424b-9868-57a2d4851a1d" />
    <TestEntry testId="ca69f6f9-6574-3eb0-08b3-d8e1fde2504a" executionId="d3bbb9b1-47b2-4cbf-ba9a-e338c7c97f29" testListId="8c84fa94-04c1-424b-9868-57a2d4851a1d" />
    <TestEntry testId="4e485c4f-a7e9-6a97-d8e7-746b90629991" executionId="e4c38964-077c-4cfa-b1df-a89e2d77ce19" testListId="8c84fa94-04c1-424b-9868-57a2d4851a1d" />
    <TestEntry testId="e27987a3-b8f9-ddfd-d0b6-9ae2e8e51289" executionId="442b896e-4366-45c2-8b17-8f3d82f05d58" testListId="8c84fa94-04c1-424b-9868-57a2d4851a1d" />
    <TestEntry testId="f106a0a9-d39f-1ab3-5a92-69c914f90985" executionId="08550429-6e2f-44e5-9dcc-d7326160f211" testListId="8c84fa94-04c1-424b-9868-57a2d4851a1d" />
    <TestEntry testId="90e48841-9508-a43f-fbc8-f29a03ce34e0" executionId="3f461343-8a2c-49fe-9e6d-761f4d28319a" testListId="8c84fa94-04c1-424b-9868-57a2d4851a1d" />
    <TestEntry testId="6361acdc-dcba-73b3-4473-e46e9bf64d59" executionId="4cb038d9-49e4-40d6-aa7e-0eb1260e12c6" testListId="8c84fa94-04c1-424b-9868-57a2d4851a1d" />
    <TestEntry testId="b2ed2b79-3302-03b0-5c80-29da7832a8fb" executionId="a6e6120a-dc20-4a77-8047-fd7275a671ae" testListId="8c84fa94-04c1-424b-9868-57a2d4851a1d" />
    <TestEntry testId="d3f917b7-7d71-0dec-4604-1a2bcf60978b" executionId="205aa757-1323-43bf-9f62-ee2da535f2c3" testListId="8c84fa94-04c1-424b-9868-57a2d4851a1d" />
    <TestEntry testId="c34a7807-1e8f-c9a3-ac6c-4e8a2d3a8f28" executionId="bc7c3e68-0170-4081-a203-a705d0541c74" testListId="8c84fa94-04c1-424b-9868-57a2d4851a1d" />
    <TestEntry testId="cd692052-1e14-8b68-94e8-48fd0eaf37eb" executionId="4540b2cb-a2df-4c34-bfb3-0c4cc3f56a21" testListId="8c84fa94-04c1-424b-9868-57a2d4851a1d" />
    <TestEntry testId="e6c1ca1b-aff0-7448-2e55-ad7dfbe24679" executionId="49f541b5-805a-4f55-bc7b-6474d07f6324" testListId="8c84fa94-04c1-424b-9868-57a2d4851a1d" />
    <TestEntry testId="39da4c68-d679-c2d7-f103-8758675e8bef" executionId="c51b8805-a126-42d4-9bd2-434c1bcc0464" testListId="8c84fa94-04c1-424b-9868-57a2d4851a1d" />
    <TestEntry testId="e3f5b30e-dd1d-7e93-6278-3536b04a9ab4" executionId="6709063f-efa4-4158-93ba-ea49d47746f5" testListId="8c84fa94-04c1-424b-9868-57a2d4851a1d" />
    <TestEntry testId="a455db1e-363b-049c-80f3-977dbf6a9fd5" executionId="e5f9643c-8406-4408-8175-8254398a83c2" testListId="8c84fa94-04c1-424b-9868-57a2d4851a1d" />
    <TestEntry testId="032808ca-936c-77d5-07ff-2d8ae417dc2f" executionId="402fc15a-c461-4315-93cf-6366d00436bb" testListId="8c84fa94-04c1-424b-9868-57a2d4851a1d" />
    <TestEntry testId="6c100e5e-4551-8023-cd41-1ac3bd84f1ba" executionId="1ec12251-c47b-4eec-b285-a464427b03c0" testListId="8c84fa94-04c1-424b-9868-57a2d4851a1d" />
    <TestEntry testId="3350f1ef-bae7-a170-28a2-f6d4ef908ec2" executionId="a25d1fef-3941-48c2-ae82-aa38c4455a33" testListId="8c84fa94-04c1-424b-9868-57a2d4851a1d" />
    <TestEntry testId="0848aa6c-780c-1647-89fc-4a00f35cb2b0" executionId="ef7d4473-b34a-4a09-882f-ca40e7605e77" testListId="8c84fa94-04c1-424b-9868-57a2d4851a1d" />
    <TestEntry testId="d55aab20-b9c5-4a2d-3177-a2f8f5f39c9b" executionId="243ced0b-9c44-4cab-aa34-cd6c1372d9f5" testListId="8c84fa94-04c1-424b-9868-57a2d4851a1d" />
  </TestEntries>
  <Results>
    <UnitTestResult executionId="a5494a84-c44e-4307-bf85-476d70830740" testId="1becd8ee-2c8a-a78d-217f-3d0559f6a784" testName="txtDesc_KeyUpTest" computerName="ASUS" duration="00:00:01.0300673" startTime="2014-07-30T06:25:44.2646963-05:00" endTime="2014-07-30T06:25:45.7392551-05:00" testType="13cdc9d9-ddb5-4fa4-a97d-d965ccfc6d4b" outcome="Failed" testListId="8c84fa94-04c1-424b-9868-57a2d4851a1d" relativeResultsDirectory="a5494a84-c44e-4307-bf85-476d70830740">
      <Output>
        <ErrorInfo>
          <Message>Test method TDDVentura.GestPerfilNeumaticoTest.txtDesc_KeyUpTest threw exception: 
System.NullReferenceException: Referencia a objeto no establecida como instancia de un objeto.</Message>
          <StackTrace>   en AplicacionSistemaVentura.PAQ01_Definicion.GestPerfilNeumatico_Accessor.txtDesc_KeyUp(Object sender, KeyEventArgs e)
   en TDDVentura.GestPerfilNeumaticoTest.txtDesc_KeyUpTest() en C:\Users\Antonio\Desktop\Ventura20140728\Ventura\TDDVentura\GestPerfilNeumaticoTest.cs:línea 482
</StackTrace>
        </ErrorInfo>
      </Output>
    </UnitTestResult>
    <UnitTestResult executionId="bc7fe6b8-dd53-4551-b8d7-d062b7644c29" testId="6dd6745c-2f58-acd9-85bc-b1e650de69e6" testName="MensajeTest" computerName="ASUS" duration="00:00:00.2934610" startTime="2014-07-30T06:25:45.7452597-05:00" endTime="2014-07-30T06:25:46.0434583-05:00" testType="13cdc9d9-ddb5-4fa4-a97d-d965ccfc6d4b" outcome="Failed" testListId="8c84fa94-04c1-424b-9868-57a2d4851a1d" relativeResultsDirectory="bc7fe6b8-dd53-4551-b8d7-d062b7644c29">
      <Output>
        <ErrorInfo>
          <Message>Test method TDDVentura.GestPerfilNeumaticoTest.MensajeTest threw exception: 
System.NullReferenceException: Referencia a objeto no establecida como instancia de un objeto.</Message>
          <StackTrace>   en AplicacionSistemaVentura.PAQ01_Definicion.GestPerfilNeumatico_Accessor.Mensaje(String strMensaje, Int32 intTipo)
   en TDDVentura.GestPerfilNeumaticoTest.MensajeTest() en C:\Users\Antonio\Desktop\Ventura20140728\Ventura\TDDVentura\GestPerfilNeumaticoTest.cs:línea 202
</StackTrace>
        </ErrorInfo>
      </Output>
    </UnitTestResult>
    <UnitTestResult executionId="5e7b5c20-9acf-4ef8-b804-1063640f8a4f" testId="d3e582fd-fda3-ef2a-80e1-dc06b091bf4c" testName="PintarLlantaRepuestoTest" computerName="ASUS" duration="00:00:00.0566303" startTime="2014-07-30T06:25:46.0504630-05:00" endTime="2014-07-30T06:25:46.1105030-05:00" testType="13cdc9d9-ddb5-4fa4-a97d-d965ccfc6d4b" outcome="Passed" testListId="8c84fa94-04c1-424b-9868-57a2d4851a1d" relativeResultsDirectory="5e7b5c20-9acf-4ef8-b804-1063640f8a4f">
    </UnitTestResult>
    <UnitTestResult executionId="9f31371f-f5bc-4521-be0e-2a5e2bb09e30" testId="11a4fa1c-861b-bd8f-33a6-6d9bd2d0d5ac" testName="PintarNeumaticoTest" computerName="ASUS" duration="00:00:00.1367081" startTime="2014-07-30T06:25:46.1165070-05:00" endTime="2014-07-30T06:25:46.2556002-05:00" testType="13cdc9d9-ddb5-4fa4-a97d-d965ccfc6d4b" outcome="Inconclusive" testListId="8c84fa94-04c1-424b-9868-57a2d4851a1d" relativeResultsDirectory="9f31371f-f5bc-4521-be0e-2a5e2bb09e30">
      <Output>
        <ErrorInfo>
          <Message>Assert.Inconclusive failed. A method that does not return a value cannot be verified.</Message>
          <StackTrace>   en TDDVentura.GestPerfilNeumaticoTest.PintarNeumaticoTest() en C:\Users\Antonio\Desktop\Ventura20140728\Ventura\TDDVentura\GestPerfilNeumaticoTest.cs:línea 271
</StackTrace>
        </ErrorInfo>
      </Output>
    </UnitTestResult>
    <UnitTestResult executionId="0c4ad9a6-69d1-49db-9f2b-24243b5cf279" testId="b616902b-dced-a4d9-d133-32bbf99fdb83" testName="TestMethod1" computerName="ASUS" duration="00:00:00.0002485" startTime="2014-07-30T06:25:46.2746123-05:00" endTime="2014-07-30T06:25:46.2796156-05:00" testType="13cdc9d9-ddb5-4fa4-a97d-d965ccfc6d4b" outcome="Passed" testListId="8c84fa94-04c1-424b-9868-57a2d4851a1d" relativeResultsDirectory="0c4ad9a6-69d1-49db-9f2b-24243b5cf279">
    </UnitTestResult>
    <UnitTestResult executionId="a66d1bed-173a-4dd9-97dd-5981ca0404a2" testId="c6b3da3c-b305-f359-f273-d3a6a0bc20c0" testName="GestPerfilNeumaticoConstructorTest" computerName="ASUS" duration="00:00:00.0646436" startTime="2014-07-30T06:25:46.2856196-05:00" endTime="2014-07-30T06:25:46.3536650-05:00" testType="13cdc9d9-ddb5-4fa4-a97d-d965ccfc6d4b" outcome="Inconclusive" testListId="8c84fa94-04c1-424b-9868-57a2d4851a1d" relativeResultsDirectory="a66d1bed-173a-4dd9-97dd-5981ca0404a2">
      <Output>
        <ErrorInfo>
          <Message>Assert.Inconclusive failed. TODO: Implement code to verify target</Message>
          <StackTrace>   en TDDVentura.GestPerfilNeumaticoTest.GestPerfilNeumaticoConstructorTest() en C:\Users\Antonio\Desktop\Ventura20140728\Ventura\TDDVentura\GestPerfilNeumaticoTest.cs:línea 81
</StackTrace>
        </ErrorInfo>
      </Output>
    </UnitTestResult>
    <UnitTestResult executionId="1188a4b4-dc37-429e-9d12-11508c6c90d0" testId="2d273999-c8a0-62c4-1439-ab129b651d8f" testName="PintarEjeTest" computerName="ASUS" duration="00:00:00.0640323" startTime="2014-07-30T06:25:46.3586677-05:00" endTime="2014-07-30T06:25:46.4257130-05:00" testType="13cdc9d9-ddb5-4fa4-a97d-d965ccfc6d4b" outcome="Inconclusive" testListId="8c84fa94-04c1-424b-9868-57a2d4851a1d" relativeResultsDirectory="1188a4b4-dc37-429e-9d12-11508c6c90d0">
      <Output>
        <ErrorInfo>
          <Message>Assert.Inconclusive failed. A method that does not return a value cannot be verified.</Message>
          <StackTrace>   en TDDVentura.GestPerfilNeumaticoTest.PintarEjeTest() en C:\Users\Antonio\Desktop\Ventura20140728\Ventura\TDDVentura\GestPerfilNeumaticoTest.cs:línea 244
</StackTrace>
        </ErrorInfo>
      </Output>
    </UnitTestResult>
    <UnitTestResult executionId="ea07ce05-0888-4746-8c3f-29f9d650ab12" testId="34633317-8120-3ba5-dc7b-d26e0e8fe124" testName="cboNroLlanta_SelectedIndexChangedTest" computerName="ASUS" duration="00:00:00.0684353" startTime="2014-07-30T06:25:46.4307163-05:00" endTime="2014-07-30T06:25:46.5027637-05:00" testType="13cdc9d9-ddb5-4fa4-a97d-d965ccfc6d4b" outcome="Failed" testListId="8c84fa94-04c1-424b-9868-57a2d4851a1d" relativeResultsDirectory="ea07ce05-0888-4746-8c3f-29f9d650ab12">
      <Output>
        <ErrorInfo>
          <Message>Test method TDDVentura.GestPerfilNeumaticoTest.cboNroLlanta_SelectedIndexChangedTest threw exception: 
System.NullReferenceException: Referencia a objeto no establecida como instancia de un objeto.</Message>
          <StackTrace>   en AplicacionSistemaVentura.PAQ01_Definicion.GestPerfilNeumatico_Accessor.cboNroLlanta_SelectedIndexChanged(Object sender, RoutedEventArgs e)
   en TDDVentura.GestPerfilNeumaticoTest.cboNroLlanta_SelectedIndexChangedTest() en C:\Users\Antonio\Desktop\Ventura20140728\Ventura\TDDVentura\GestPerfilNeumaticoTest.cs:línea 440
</StackTrace>
        </ErrorInfo>
      </Output>
    </UnitTestResult>
    <UnitTestResult executionId="41836e70-7524-4c37-9e85-2172010fce80" testId="11c777dd-0af4-f0d8-77a4-88d47b2ecec0" testName="OutFocusTest" computerName="ASUS" duration="00:00:00.0870522" startTime="2014-07-30T06:25:46.5077676-05:00" endTime="2014-07-30T06:25:46.5978276-05:00" testType="13cdc9d9-ddb5-4fa4-a97d-d965ccfc6d4b" outcome="Failed" testListId="8c84fa94-04c1-424b-9868-57a2d4851a1d" relativeResultsDirectory="41836e70-7524-4c37-9e85-2172010fce80">
      <Output>
        <ErrorInfo>
          <Message>Test method TDDVentura.GestPerfilNeumaticoTest.OutFocusTest threw exception: 
System.NullReferenceException: Referencia a objeto no establecida como instancia de un objeto.</Message>
          <StackTrace>   en AplicacionSistemaVentura.PAQ01_Definicion.GestPerfilNeumatico_Accessor.OutFocus(Object sender, RoutedEventArgs e)
   en TDDVentura.GestPerfilNeumaticoTest.OutFocusTest() en C:\Users\Antonio\Desktop\Ventura20140728\Ventura\TDDVentura\GestPerfilNeumaticoTest.cs:línea 230
</StackTrace>
        </ErrorInfo>
      </Output>
    </UnitTestResult>
    <UnitTestResult executionId="746952b9-92d2-425c-91fa-7356ff10d4e8" testId="8b6778f1-037d-45dd-245d-e889450b603b" testName="tbvPerfNeumEje_ShowingEditorTest" computerName="ASUS" duration="00:00:00.0870220" startTime="2014-07-30T06:25:46.6038316-05:00" endTime="2014-07-30T06:25:46.6948923-05:00" testType="13cdc9d9-ddb5-4fa4-a97d-d965ccfc6d4b" outcome="Failed" testListId="8c84fa94-04c1-424b-9868-57a2d4851a1d" relativeResultsDirectory="746952b9-92d2-425c-91fa-7356ff10d4e8">
      <Output>
        <ErrorInfo>
          <Message>Test method TDDVentura.GestPerfilNeumaticoTest.tbvPerfNeumEje_ShowingEditorTest threw exception: 
System.NullReferenceException: Referencia a objeto no establecida como instancia de un objeto.</Message>
          <StackTrace>   en AplicacionSistemaVentura.PAQ01_Definicion.GestPerfilNeumatico_Accessor.tbvPerfNeumEje_ShowingEditor(Object sender, ShowingEditorEventArgs e)
   en TDDVentura.GestPerfilNeumaticoTest.tbvPerfNeumEje_ShowingEditorTest() en C:\Users\Antonio\Desktop\Ventura20140728\Ventura\TDDVentura\GestPerfilNeumaticoTest.cs:línea 468
</StackTrace>
        </ErrorInfo>
      </Output>
    </UnitTestResult>
    <UnitTestResult executionId="370dd31a-7f38-4694-91b1-f8e08ebcd7a7" testId="b8c84d8e-4b9b-f64d-be5d-9b02bdddf3f1" testName="btnNuevo_ClickTest" computerName="ASUS" duration="00:00:00.0948255" startTime="2014-07-30T06:25:46.7018969-05:00" endTime="2014-07-30T06:25:46.8009629-05:00" testType="13cdc9d9-ddb5-4fa4-a97d-d965ccfc6d4b" outcome="Inconclusive" testListId="8c84fa94-04c1-424b-9868-57a2d4851a1d" relativeResultsDirectory="370dd31a-7f38-4694-91b1-f8e08ebcd7a7">
      <Output>
        <ErrorInfo>
          <Message>Assert.Inconclusive failed. A method that does not return a value cannot be verified.</Message>
          <StackTrace>   en TDDVentura.GestPerfilNeumaticoTest.btnNuevo_ClickTest() en C:\Users\Antonio\Desktop\Ventura20140728\Ventura\TDDVentura\GestPerfilNeumaticoTest.cs:línea 399
</StackTrace>
        </ErrorInfo>
      </Output>
    </UnitTestResult>
    <UnitTestResult executionId="ecfd1f99-5311-49c6-8cbe-fa7921750b1b" testId="57c22915-1571-3ea8-b1d3-5bb3f1000b53" testName="btnEditar_ClickTest" computerName="ASUS" duration="00:00:00.0726307" startTime="2014-07-30T06:25:46.8079676-05:00" endTime="2014-07-30T06:25:46.8850212-05:00" testType="13cdc9d9-ddb5-4fa4-a97d-d965ccfc6d4b" outcome="Failed" testListId="8c84fa94-04c1-424b-9868-57a2d4851a1d" relativeResultsDirectory="ecfd1f99-5311-49c6-8cbe-fa7921750b1b">
      <Output>
        <ErrorInfo>
          <Message>Test method TDDVentura.GestPerfilNeumaticoTest.btnEditar_ClickTest threw exception: 
System.NullReferenceException: Referencia a objeto no establecida como instancia de un objeto.</Message>
          <StackTrace>   en AplicacionSistemaVentura.PAQ01_Definicion.GestPerfilNeumatico_Accessor.btnEditar_Click(Object sender, RoutedEventArgs e)
   en TDDVentura.GestPerfilNeumaticoTest.btnEditar_ClickTest() en C:\Users\Antonio\Desktop\Ventura20140728\Ventura\TDDVentura\GestPerfilNeumaticoTest.cs:línea 370
</StackTrace>
        </ErrorInfo>
      </Output>
    </UnitTestResult>
    <UnitTestResult executionId="25639cf8-0951-4b1a-a535-1f59ed0dc6b8" testId="3c2bda18-d360-568f-272c-fb0f18e86a1b" testName="cboNroEje_SelectedIndexChangedTest" computerName="ASUS" duration="00:00:00.1154581" startTime="2014-07-30T06:25:46.8920241-05:00" endTime="2014-07-30T06:25:47.0111034-05:00" testType="13cdc9d9-ddb5-4fa4-a97d-d965ccfc6d4b" outcome="Failed" testListId="8c84fa94-04c1-424b-9868-57a2d4851a1d" relativeResultsDirectory="25639cf8-0951-4b1a-a535-1f59ed0dc6b8">
      <Output>
        <ErrorInfo>
          <Message>Test method TDDVentura.GestPerfilNeumaticoTest.cboNroEje_SelectedIndexChangedTest threw exception: 
System.NullReferenceException: Referencia a objeto no establecida como instancia de un objeto.</Message>
          <StackTrace>   en AplicacionSistemaVentura.PAQ01_Definicion.GestPerfilNeumatico_Accessor.cboNroEje_SelectedIndexChanged(Object sender, RoutedEventArgs e)
   en TDDVentura.GestPerfilNeumaticoTest.cboNroEje_SelectedIndexChangedTest() en C:\Users\Antonio\Desktop\Ventura20140728\Ventura\TDDVentura\GestPerfilNeumaticoTest.cs:línea 426
</StackTrace>
        </ErrorInfo>
      </Output>
    </UnitTestResult>
    <UnitTestResult executionId="d3bbb9b1-47b2-4cbf-ba9a-e338c7c97f29" testId="ca69f6f9-6574-3eb0-08b3-d8e1fde2504a" testName="ComboEnGrillaTest" computerName="ASUS" duration="00:00:00.1444124" startTime="2014-07-30T06:25:47.0171069-05:00" endTime="2014-07-30T06:25:47.1652061-05:00" testType="13cdc9d9-ddb5-4fa4-a97d-d965ccfc6d4b" outcome="Failed" testListId="8c84fa94-04c1-424b-9868-57a2d4851a1d" relativeResultsDirectory="d3bbb9b1-47b2-4cbf-ba9a-e338c7c97f29">
      <Output>
        <ErrorInfo>
          <Message>Test method TDDVentura.GestPerfilNeumaticoTest.ComboEnGrillaTest threw exception: 
System.NullReferenceException: Referencia a objeto no establecida como instancia de un objeto.</Message>
          <StackTrace>   en AplicacionSistemaVentura.PAQ01_Definicion.GestPerfilNeumatico_Accessor.ComboEnGrilla(DataTable tblDetalleEjeresult)
   en TDDVentura.GestPerfilNeumaticoTest.ComboEnGrillaTest() en C:\Users\Antonio\Desktop\Ventura20140728\Ventura\TDDVentura\GestPerfilNeumaticoTest.cs:línea 104
</StackTrace>
        </ErrorInfo>
      </Output>
    </UnitTestResult>
    <UnitTestResult executionId="e4c38964-077c-4cfa-b1df-a89e2d77ce19" testId="4e485c4f-a7e9-6a97-d8e7-746b90629991" testName="OnFocusTest" computerName="ASUS" duration="00:00:00.1672390" startTime="2014-07-30T06:25:47.1702111-05:00" endTime="2014-07-30T06:25:47.3413240-05:00" testType="13cdc9d9-ddb5-4fa4-a97d-d965ccfc6d4b" outcome="Failed" testListId="8c84fa94-04c1-424b-9868-57a2d4851a1d" relativeResultsDirectory="e4c38964-077c-4cfa-b1df-a89e2d77ce19">
      <Output>
        <ErrorInfo>
          <Message>Test method TDDVentura.GestPerfilNeumaticoTest.OnFocusTest threw exception: 
System.NullReferenceException: Referencia a objeto no establecida como instancia de un objeto.</Message>
          <StackTrace>   en AplicacionSistemaVentura.PAQ01_Definicion.GestPerfilNeumatico_Accessor.OnFocus(Object sender, RoutedEventArgs e)
   en TDDVentura.GestPerfilNeumaticoTest.OnFocusTest() en C:\Users\Antonio\Desktop\Ventura20140728\Ventura\TDDVentura\GestPerfilNeumaticoTest.cs:línea 216
</StackTrace>
        </ErrorInfo>
      </Output>
    </UnitTestResult>
    <UnitTestResult executionId="442b896e-4366-45c2-8b17-8f3d82f05d58" testId="e27987a3-b8f9-ddfd-d0b6-9ae2e8e51289" testName="btnCancelar_ClickTest" computerName="ASUS" duration="00:00:00.0610457" startTime="2014-07-30T06:25:47.3483286-05:00" endTime="2014-07-30T06:25:47.4123713-05:00" testType="13cdc9d9-ddb5-4fa4-a97d-d965ccfc6d4b" outcome="Inconclusive" testListId="8c84fa94-04c1-424b-9868-57a2d4851a1d" relativeResultsDirectory="442b896e-4366-45c2-8b17-8f3d82f05d58">
      <Output>
        <ErrorInfo>
          <Message>Assert.Inconclusive failed. A method that does not return a value cannot be verified.</Message>
          <StackTrace>   en TDDVentura.GestPerfilNeumaticoTest.btnCancelar_ClickTest() en C:\Users\Antonio\Desktop\Ventura20140728\Ventura\TDDVentura\GestPerfilNeumaticoTest.cs:línea 357
</StackTrace>
        </ErrorInfo>
      </Output>
    </UnitTestResult>
    <UnitTestResult executionId="08550429-6e2f-44e5-9dcc-d7326160f211" testId="f106a0a9-d39f-1ab3-5a92-69c914f90985" testName="ConnectTest1" computerName="ASUS" duration="00:00:00.0580460" startTime="2014-07-30T06:25:47.4183736-05:00" endTime="2014-07-30T06:25:47.4804155-05:00" testType="13cdc9d9-ddb5-4fa4-a97d-d965ccfc6d4b" outcome="Inconclusive" testListId="8c84fa94-04c1-424b-9868-57a2d4851a1d" relativeResultsDirectory="08550429-6e2f-44e5-9dcc-d7326160f211">
      <Output>
        <ErrorInfo>
          <Message>Assert.Inconclusive failed. A method that does not return a value cannot be verified.</Message>
          <StackTrace>   en TDDVentura.GestPerfilNeumaticoTest.ConnectTest1() en C:\Users\Antonio\Desktop\Ventura20140728\Ventura\TDDVentura\GestPerfilNeumaticoTest.cs:línea 299
</StackTrace>
        </ErrorInfo>
      </Output>
    </UnitTestResult>
    <UnitTestResult executionId="3f461343-8a2c-49fe-9e6d-761f4d28319a" testId="90e48841-9508-a43f-fbc8-f29a03ce34e0" testName="ConnectTest" computerName="ASUS" duration="00:00:00.0751885" startTime="2014-07-30T06:25:47.4864189-05:00" endTime="2014-07-30T06:25:47.5654721-05:00" testType="13cdc9d9-ddb5-4fa4-a97d-d965ccfc6d4b" outcome="Inconclusive" testListId="8c84fa94-04c1-424b-9868-57a2d4851a1d" relativeResultsDirectory="3f461343-8a2c-49fe-9e6d-761f4d28319a">
      <Output>
        <ErrorInfo>
          <Message>Assert.Inconclusive failed. A method that does not return a value cannot be verified.</Message>
          <StackTrace>   en TDDVentura.GestPerfilNeumaticoTest.ConnectTest() en C:\Users\Antonio\Desktop\Ventura20140728\Ventura\TDDVentura\GestPerfilNeumaticoTest.cs:línea 285
</StackTrace>
        </ErrorInfo>
      </Output>
    </UnitTestResult>
    <UnitTestResult executionId="4cb038d9-49e4-40d6-aa7e-0eb1260e12c6" testId="6361acdc-dcba-73b3-4473-e46e9bf64d59" testName="LimpiarControlesTest" computerName="ASUS" duration="00:00:00.1090464" startTime="2014-07-30T06:25:47.5714761-05:00" endTime="2014-07-30T06:25:47.6834864-05:00" testType="13cdc9d9-ddb5-4fa4-a97d-d965ccfc6d4b" outcome="Inconclusive" testListId="8c84fa94-04c1-424b-9868-57a2d4851a1d" relativeResultsDirectory="4cb038d9-49e4-40d6-aa7e-0eb1260e12c6">
      <Output>
        <ErrorInfo>
          <Message>Assert.Inconclusive failed. A method that does not return a value cannot be verified.</Message>
          <StackTrace>   en TDDVentura.GestPerfilNeumaticoTest.LimpiarControlesTest() en C:\Users\Antonio\Desktop\Ventura20140728\Ventura\TDDVentura\GestPerfilNeumaticoTest.cs:línea 164
</StackTrace>
        </ErrorInfo>
      </Output>
    </UnitTestResult>
    <UnitTestResult executionId="a6e6120a-dc20-4a77-8047-fd7275a671ae" testId="b2ed2b79-3302-03b0-5c80-29da7832a8fb" testName="ValidaCampoObligadoTest" computerName="ASUS" duration="00:00:00.0514884" startTime="2014-07-30T06:25:47.6894904-05:00" endTime="2014-07-30T06:25:47.7435264-05:00" testType="13cdc9d9-ddb5-4fa4-a97d-d965ccfc6d4b" outcome="Failed" testListId="8c84fa94-04c1-424b-9868-57a2d4851a1d" relativeResultsDirectory="a6e6120a-dc20-4a77-8047-fd7275a671ae">
      <Output>
        <ErrorInfo>
          <Message>Test method TDDVentura.GestPerfilNeumaticoTest.ValidaCampoObligadoTest threw exception: 
System.NullReferenceException: Referencia a objeto no establecida como instancia de un objeto.</Message>
          <StackTrace>   en AplicacionSistemaVentura.PAQ01_Definicion.GestPerfilNeumatico_Accessor.ValidaCampoObligado()
   en TDDVentura.GestPerfilNeumaticoTest.ValidaCampoObligadoTest() en C:\Users\Antonio\Desktop\Ventura20140728\Ventura\TDDVentura\GestPerfilNeumaticoTest.cs:línea 326
</StackTrace>
        </ErrorInfo>
      </Output>
    </UnitTestResult>
    <UnitTestResult executionId="205aa757-1323-43bf-9f62-ee2da535f2c3" testId="d3f917b7-7d71-0dec-4604-1a2bcf60978b" testName="InitializeComponentTest" computerName="ASUS" duration="00:00:00.0435110" startTime="2014-07-30T06:25:47.7495304-05:00" endTime="2014-07-30T06:25:47.7965628-05:00" testType="13cdc9d9-ddb5-4fa4-a97d-d965ccfc6d4b" outcome="Inconclusive" testListId="8c84fa94-04c1-424b-9868-57a2d4851a1d" relativeResultsDirectory="205aa757-1323-43bf-9f62-ee2da535f2c3">
      <Output>
        <ErrorInfo>
          <Message>Assert.Inconclusive failed. A method that does not return a value cannot be verified.</Message>
          <StackTrace>   en TDDVentura.GestPerfilNeumaticoTest.InitializeComponentTest() en C:\Users\Antonio\Desktop\Ventura20140728\Ventura\TDDVentura\GestPerfilNeumaticoTest.cs:línea 152
</StackTrace>
        </ErrorInfo>
      </Output>
    </UnitTestResult>
    <UnitTestResult executionId="bc7c3e68-0170-4081-a203-a705d0541c74" testId="c34a7807-1e8f-c9a3-ac6c-4e8a2d3a8f28" testName="btnGrabar_ClickTest" computerName="ASUS" duration="00:00:00.0821367" startTime="2014-07-30T06:25:47.8025657-05:00" endTime="2014-07-30T06:25:47.8876240-05:00" testType="13cdc9d9-ddb5-4fa4-a97d-d965ccfc6d4b" outcome="Failed" testListId="8c84fa94-04c1-424b-9868-57a2d4851a1d" relativeResultsDirectory="bc7c3e68-0170-4081-a203-a705d0541c74">
      <Output>
        <ErrorInfo>
          <Message>Test method TDDVentura.GestPerfilNeumaticoTest.btnGrabar_ClickTest threw exception: 
System.NullReferenceException: Referencia a objeto no establecida como instancia de un objeto.</Message>
          <StackTrace>   en AplicacionSistemaVentura.PAQ01_Definicion.GestPerfilNeumatico_Accessor.btnGrabar_Click(Object sender, RoutedEventArgs e)
   en TDDVentura.GestPerfilNeumaticoTest.btnGrabar_ClickTest() en C:\Users\Antonio\Desktop\Ventura20140728\Ventura\TDDVentura\GestPerfilNeumaticoTest.cs:línea 384
</StackTrace>
        </ErrorInfo>
      </Output>
    </UnitTestResult>
    <UnitTestResult executionId="4540b2cb-a2df-4c34-bfb3-0c4cc3f56a21" testId="cd692052-1e14-8b68-94e8-48fd0eaf37eb" testName="UserControl_LoadedTest" computerName="ASUS" duration="00:00:00.0592023" startTime="2014-07-30T06:25:47.8936263-05:00" endTime="2014-07-30T06:25:47.9556677-05:00" testType="13cdc9d9-ddb5-4fa4-a97d-d965ccfc6d4b" outcome="Failed" testListId="8c84fa94-04c1-424b-9868-57a2d4851a1d" relativeResultsDirectory="4540b2cb-a2df-4c34-bfb3-0c4cc3f56a21">
      <Output>
        <ErrorInfo>
          <Message>Test method TDDVentura.GestPerfilNeumaticoTest.UserControl_LoadedTest threw exception: 
System.NullReferenceException: Referencia a objeto no establecida como instancia de un objeto.</Message>
          <StackTrace>   en AplicacionSistemaVentura.PAQ01_Definicion.GestPerfilNeumatico_Accessor.UserControl_Loaded(Object sender, RoutedEventArgs e)
   en TDDVentura.GestPerfilNeumaticoTest.UserControl_LoadedTest() en C:\Users\Antonio\Desktop\Ventura20140728\Ventura\TDDVentura\GestPerfilNeumaticoTest.cs:línea 312
</StackTrace>
        </ErrorInfo>
      </Output>
    </UnitTestResult>
    <UnitTestResult executionId="49f541b5-805a-4f55-bc7b-6474d07f6324" testId="e6c1ca1b-aff0-7448-2e55-ad7dfbe24679" testName="ValidaLogicaNegocioTest" computerName="ASUS" duration="00:00:00.0555920" startTime="2014-07-30T06:25:47.9606710-05:00" endTime="2014-07-30T06:25:48.0207110-05:00" testType="13cdc9d9-ddb5-4fa4-a97d-d965ccfc6d4b" outcome="Failed" testListId="8c84fa94-04c1-424b-9868-57a2d4851a1d" relativeResultsDirectory="49f541b5-805a-4f55-bc7b-6474d07f6324">
      <Output>
        <ErrorInfo>
          <Message>Test method TDDVentura.GestPerfilNeumaticoTest.ValidaLogicaNegocioTest threw exception: 
System.NullReferenceException: Referencia a objeto no establecida como instancia de un objeto.</Message>
          <StackTrace>   en AplicacionSistemaVentura.PAQ01_Definicion.GestPerfilNeumatico_Accessor.ValidaLogicaNegocio()
   en TDDVentura.GestPerfilNeumaticoTest.ValidaLogicaNegocioTest() en C:\Users\Antonio\Desktop\Ventura20140728\Ventura\TDDVentura\GestPerfilNeumaticoTest.cs:línea 341
</StackTrace>
        </ErrorInfo>
      </Output>
    </UnitTestResult>
    <UnitTestResult executionId="c51b8805-a126-42d4-9bd2-434c1bcc0464" testId="39da4c68-d679-c2d7-f103-8758675e8bef" testName="dtgPerfNeum_MouseDoubleClickTest" computerName="ASUS" duration="00:00:00.0594447" startTime="2014-07-30T06:25:48.0257149-05:00" endTime="2014-07-30T06:25:48.0887569-05:00" testType="13cdc9d9-ddb5-4fa4-a97d-d965ccfc6d4b" outcome="Failed" testListId="8c84fa94-04c1-424b-9868-57a2d4851a1d" relativeResultsDirectory="c51b8805-a126-42d4-9bd2-434c1bcc0464">
      <Output>
        <ErrorInfo>
          <Message>Test method TDDVentura.GestPerfilNeumaticoTest.dtgPerfNeum_MouseDoubleClickTest threw exception: 
System.NullReferenceException: Referencia a objeto no establecida como instancia de un objeto.</Message>
          <StackTrace>   en AplicacionSistemaVentura.PAQ01_Definicion.GestPerfilNeumatico_Accessor.dtgPerfNeum_MouseDoubleClick(Object sender, MouseButtonEventArgs e)
   en TDDVentura.GestPerfilNeumaticoTest.dtgPerfNeum_MouseDoubleClickTest() en C:\Users\Antonio\Desktop\Ventura20140728\Ventura\TDDVentura\GestPerfilNeumaticoTest.cs:línea 454
</StackTrace>
        </ErrorInfo>
      </Output>
    </UnitTestResult>
    <UnitTestResult executionId="6709063f-efa4-4158-93ba-ea49d47746f5" testId="e3f5b30e-dd1d-7e93-6278-3536b04a9ab4" testName="LimpiarGridTest" computerName="ASUS" duration="00:00:00.0639023" startTime="2014-07-30T06:25:48.0927590-05:00" endTime="2014-07-30T06:25:48.1608049-05:00" testType="13cdc9d9-ddb5-4fa4-a97d-d965ccfc6d4b" outcome="Failed" testListId="8c84fa94-04c1-424b-9868-57a2d4851a1d" relativeResultsDirectory="6709063f-efa4-4158-93ba-ea49d47746f5">
      <Output>
        <ErrorInfo>
          <Message>Test method TDDVentura.GestPerfilNeumaticoTest.LimpiarGridTest threw exception: 
System.ArgumentNullException: El valor no puede ser nulo.
Nombre del parámetro: element</Message>
          <StackTrace>   en AplicacionSistemaVentura.PAQ01_Definicion.GestPerfilNeumatico_Accessor.LimpiarGrid(Grid grilla)
   en TDDVentura.GestPerfilNeumaticoTest.LimpiarGridTest() en C:\Users\Antonio\Desktop\Ventura20140728\Ventura\TDDVentura\GestPerfilNeumaticoTest.cs:línea 176
</StackTrace>
        </ErrorInfo>
      </Output>
    </UnitTestResult>
    <UnitTestResult executionId="e5f9643c-8406-4408-8175-8254398a83c2" testId="a455db1e-363b-049c-80f3-977dbf6a9fd5" testName="EstadoFormTest" computerName="ASUS" duration="00:00:00.0693116" startTime="2014-07-30T06:25:48.1668083-05:00" endTime="2014-07-30T06:25:48.2398575-05:00" testType="13cdc9d9-ddb5-4fa4-a97d-d965ccfc6d4b" outcome="Inconclusive" testListId="8c84fa94-04c1-424b-9868-57a2d4851a1d" relativeResultsDirectory="e5f9643c-8406-4408-8175-8254398a83c2">
      <Output>
        <ErrorInfo>
          <Message>Assert.Inconclusive failed. A method that does not return a value cannot be verified.</Message>
          <StackTrace>   en TDDVentura.GestPerfilNeumaticoTest.EstadoFormTest() en C:\Users\Antonio\Desktop\Ventura20140728\Ventura\TDDVentura\GestPerfilNeumaticoTest.cs:línea 141
</StackTrace>
        </ErrorInfo>
      </Output>
    </UnitTestResult>
    <UnitTestResult executionId="402fc15a-c461-4315-93cf-6366d00436bb" testId="032808ca-936c-77d5-07ff-2d8ae417dc2f" testName="ListarPerfilNeumaticoTest" computerName="ASUS" duration="00:00:00.0867466" startTime="2014-07-30T06:25:48.2458610-05:00" endTime="2014-07-30T06:25:48.3359209-05:00" testType="13cdc9d9-ddb5-4fa4-a97d-d965ccfc6d4b" outcome="Failed" testListId="8c84fa94-04c1-424b-9868-57a2d4851a1d" relativeResultsDirectory="402fc15a-c461-4315-93cf-6366d00436bb">
      <Output>
        <ErrorInfo>
          <Message>Test method TDDVentura.GestPerfilNeumaticoTest.ListarPerfilNeumaticoTest threw exception: 
System.NullReferenceException: Referencia a objeto no establecida como instancia de un objeto.</Message>
          <StackTrace>   en AplicacionSistemaVentura.PAQ01_Definicion.GestPerfilNeumatico_Accessor.ListarPerfilNeumatico()
   en TDDVentura.GestPerfilNeumaticoTest.ListarPerfilNeumaticoTest() en C:\Users\Antonio\Desktop\Ventura20140728\Ventura\TDDVentura\GestPerfilNeumaticoTest.cs:línea 188
</StackTrace>
        </ErrorInfo>
      </Output>
    </UnitTestResult>
    <UnitTestResult executionId="1ec12251-c47b-4eec-b285-a464427b03c0" testId="6c100e5e-4551-8023-cd41-1ac3bd84f1ba" testName="EstadoEdicionTest" computerName="ASUS" duration="00:00:00.0538250" startTime="2014-07-30T06:25:48.3419249-05:00" endTime="2014-07-30T06:25:48.3989635-05:00" testType="13cdc9d9-ddb5-4fa4-a97d-d965ccfc6d4b" outcome="Inconclusive" testListId="8c84fa94-04c1-424b-9868-57a2d4851a1d" relativeResultsDirectory="1ec12251-c47b-4eec-b285-a464427b03c0">
      <Output>
        <ErrorInfo>
          <Message>Assert.Inconclusive failed. A method that does not return a value cannot be verified.</Message>
          <StackTrace>   en TDDVentura.GestPerfilNeumaticoTest.EstadoEdicionTest() en C:\Users\Antonio\Desktop\Ventura20140728\Ventura\TDDVentura\GestPerfilNeumaticoTest.cs:línea 129
</StackTrace>
        </ErrorInfo>
      </Output>
    </UnitTestResult>
    <UnitTestResult executionId="a25d1fef-3941-48c2-ae82-aa38c4455a33" testId="3350f1ef-bae7-a170-28a2-f6d4ef908ec2" testName="cboLlanRepu_SelectedIndexChangedTest" computerName="ASUS" duration="00:00:00.0486500" startTime="2014-07-30T06:25:48.4039674-05:00" endTime="2014-07-30T06:25:48.4560009-05:00" testType="13cdc9d9-ddb5-4fa4-a97d-d965ccfc6d4b" outcome="Inconclusive" testListId="8c84fa94-04c1-424b-9868-57a2d4851a1d" relativeResultsDirectory="a25d1fef-3941-48c2-ae82-aa38c4455a33">
      <Output>
        <ErrorInfo>
          <Message>Assert.Inconclusive failed. A method that does not return a value cannot be verified.</Message>
          <StackTrace>   en TDDVentura.GestPerfilNeumaticoTest.cboLlanRepu_SelectedIndexChangedTest() en C:\Users\Antonio\Desktop\Ventura20140728\Ventura\TDDVentura\GestPerfilNeumaticoTest.cs:línea 413
</StackTrace>
        </ErrorInfo>
      </Output>
    </UnitTestResult>
    <UnitTestResult executionId="ef7d4473-b34a-4a09-882f-ca40e7605e77" testId="0848aa6c-780c-1647-89fc-4a00f35cb2b0" testName="GestPerfilNeumaticoConstructorTest1" computerName="ASUS" duration="00:00:00.0457541" startTime="2014-07-30T06:25:48.4610043-05:00" endTime="2014-07-30T06:25:48.5100381-05:00" testType="13cdc9d9-ddb5-4fa4-a97d-d965ccfc6d4b" outcome="Inconclusive" testListId="8c84fa94-04c1-424b-9868-57a2d4851a1d" relativeResultsDirectory="ef7d4473-b34a-4a09-882f-ca40e7605e77">
      <Output>
        <ErrorInfo>
          <Message>Assert.Inconclusive failed. TODO: Implement code to verify target</Message>
          <StackTrace>   en TDDVentura.GestPerfilNeumaticoTest.GestPerfilNeumaticoConstructorTest1() en C:\Users\Antonio\Desktop\Ventura20140728\Ventura\TDDVentura\GestPerfilNeumaticoTest.cs:línea 92
</StackTrace>
        </ErrorInfo>
      </Output>
    </UnitTestResult>
    <UnitTestResult executionId="243ced0b-9c44-4cab-aa34-cd6c1372d9f5" testId="d55aab20-b9c5-4a2d-3177-a2f8f5f39c9b" testName="DetallePerfilNeumaticoTest" computerName="ASUS" duration="00:00:00.1192891" startTime="2014-07-30T06:25:48.5150403-05:00" endTime="2014-07-30T06:25:48.6371221-05:00" testType="13cdc9d9-ddb5-4fa4-a97d-d965ccfc6d4b" outcome="Failed" testListId="8c84fa94-04c1-424b-9868-57a2d4851a1d" relativeResultsDirectory="243ced0b-9c44-4cab-aa34-cd6c1372d9f5">
      <Output>
        <ErrorInfo>
          <Message>Test method TDDVentura.GestPerfilNeumaticoTest.DetallePerfilNeumaticoTest threw exception: 
System.NullReferenceException: Referencia a objeto no establecida como instancia de un objeto.</Message>
          <StackTrace>   en AplicacionSistemaVentura.PAQ01_Definicion.GestPerfilNeumatico_Accessor.DetallePerfilNeumatico()
   en TDDVentura.GestPerfilNeumaticoTest.DetallePerfilNeumaticoTest() en C:\Users\Antonio\Desktop\Ventura20140728\Ventura\TDDVentura\GestPerfilNeumaticoTest.cs:línea 116
</StackTrace>
        </ErrorInfo>
      </Output>
    </UnitTestResult>
  </Results>
</TestRun>