<?xml version="1.0" encoding="UTF-8"?>
<TestRun id="7e79b872-5c5f-46b1-ba6b-b942dbb2e131" name="Antonio@ASUS 2014-07-29 22:40:54" runUser="ASUS\Antonio" xmlns="http://microsoft.com/schemas/VisualStudio/TeamTest/2010">
  <TestSettings name="Local" id="1eac7b48-8cea-4ebb-8de2-83729d3f2ba6">
    <Description>These are default test settings for a local test run.</Description>
    <Deployment enabled="false" runDeploymentRoot="Antonio_ASUS 2014-07-29 22_40_54">
      <DeploymentItem filename="C:\Users\Antonio\Desktop\Ventura20140728\Ventura\AplicacionSistemaVentura\bin\Debug\WPF.MDI.dll" />
      <DeploymentItem filename="C:\Users\Antonio\Desktop\Ventura20140728\Ventura\AplicacionSistemaVentura\bin\Debug\VIBlend.WPF.Utilities.dll" />
      <DeploymentItem filename="C:\Users\Antonio\Desktop\Ventura20140728\Ventura\Utilitarios\bin\Debug\Utilitarios.dll" />
      <DeploymentItem filename="C:\Users\Antonio\Desktop\Ventura20140728\Ventura\Entities\bin\Debug\Entities.dll" />
      <DeploymentItem filename="C:\Users\Antonio\Desktop\Ventura20140728\Ventura\AplicacionSistemaVentura\bin\Debug\iSBO_DA.dll" />
      <DeploymentItem filename="C:\Users\Antonio\Desktop\Ventura20140728\Ventura\AplicacionSistemaVentura\bin\Debug\AplicacionVentura.exe" />
      <DeploymentItem filename="C:\Users\Antonio\Desktop\Ventura20140728\Ventura\AplicacionSistemaVentura\bin\Debug\AplicacionSistemaVentura.exe" />
      <DeploymentItem filename="C:\Program Files (x86)\DevExpress 14.1\Components\Bin\Framework\DevExpress.Images.v14.1.dll" />
      <DeploymentItem filename="C:\Users\Antonio\Desktop\Ventura20140728\Ventura\AplicacionSistemaVentura\bin\Debug\iSBO_BE.dll" />
      <DeploymentItem filename="C:\Users\Antonio\Desktop\Ventura20140728\Ventura\AplicacionSistemaVentura\bin\Debug\VIBlend.WPF.Editors.dll" />
      <DeploymentItem filename="C:\Program Files (x86)\VIBlend\WPF Controls v.5.0\VIBlend.WPF.DataGrid.dll" />
      <DeploymentItem filename="C:\Users\Antonio\Desktop\Ventura20140728\Ventura\Business\bin\Debug\Business.dll" />
      <DeploymentItem filename="C:\Users\Antonio\Desktop\Ventura20140728\Ventura\AplicacionSistemaVentura\bin\Debug\InterfazMTTO.dll" />
      <DeploymentItem filename="C:\Users\Antonio\Desktop\Ventura20140728\Ventura\AplicacionSistemaVentura\bin\Debug\iSBO_Util.dll" />
    </Deployment>
    <Execution>
      <TestTypeSpecific />
      <AgentRule name="Execution Agents">
      </AgentRule>
    </Execution>
  </TestSettings>
  <Times creation="2014-07-29T22:40:54.4760372-05:00" queuing="2014-07-29T22:40:54.5420823-05:00" start="2014-07-29T22:40:54.5580930-05:00" finish="2014-07-29T22:40:57.8043351-05:00" />
  <ResultSummary outcome="Failed">
    <Counters total="32" executed="32" passed="1" error="0" failed="17" timeout="0" aborted="0" inconclusive="14" passedButRunAborted="0" notRunnable="0" notExecuted="0" disconnected="0" warning="0" completed="0" inProgress="0" pending="0" />
    <RunInfos>
      <RunInfo computerName="ASUS" outcome="Warning" timestamp="2014-07-29T22:40:54.5360783-05:00">
        <Text>Deployment is currently disabled. The deployment item 'AplicacionSistemaVentura.exe' on test 'TDDVentura.GestPerfilNeumaticoTest.ComboEnGrillaTest' was not deployed.</Text>
      </RunInfo>
    </RunInfos>
  </ResultSummary>
  <TestDefinitions>
    <UnitTest name="ComboEnGrillaTest" storage="c:\users\antonio\desktop\ventura20140728\ventura\tddventura\bin\debug\tddventura.dll" id="ca69f6f9-6574-3eb0-08b3-d8e1fde2504a">
      <DeploymentItems>
        <DeploymentItem filename="AplicacionSistemaVentura.exe" />
      </DeploymentItems>
      <Execution id="c055194c-0084-41c6-a4c2-e986747a83ce" />
      <TestMethod codeBase="C:/Users/Antonio/Desktop/Ventura20140728/Ventura/TDDVentura/bin/Debug/TDDVentura.DLL" adapterTypeName="Microsoft.VisualStudio.TestTools.TestTypes.Unit.UnitTestAdapter, Microsoft.VisualStudio.QualityTools.Tips.UnitTest.Adapter, Version=10.0.0.0, Culture=neutral, PublicKeyToken=b03f5f7f11d50a3a" className="TDDVentura.GestPerfilNeumaticoTest, TDDVentura, Version=1.0.0.0, Culture=neutral, PublicKeyToken=null" name="ComboEnGrillaTest" />
    </UnitTest>
    <UnitTest name="btnNuevo_ClickTest" storage="c:\users\antonio\desktop\ventura20140728\ventura\tddventura\bin\debug\tddventura.dll" id="b8c84d8e-4b9b-f64d-be5d-9b02bdddf3f1">
      <DeploymentItems>
        <DeploymentItem filename="AplicacionSistemaVentura.exe" />
      </DeploymentItems>
      <Execution id="66a711d4-90e8-4887-9258-cca295fb8ef3" />
      <TestMethod codeBase="C:/Users/Antonio/Desktop/Ventura20140728/Ventura/TDDVentura/bin/Debug/TDDVentura.DLL" adapterTypeName="Microsoft.VisualStudio.TestTools.TestTypes.Unit.UnitTestAdapter, Microsoft.VisualStudio.QualityTools.Tips.UnitTest.Adapter, Version=10.0.0.0, Culture=neutral, PublicKeyToken=b03f5f7f11d50a3a" className="TDDVentura.GestPerfilNeumaticoTest, TDDVentura, Version=1.0.0.0, Culture=neutral, PublicKeyToken=null" name="btnNuevo_ClickTest" />
    </UnitTest>
    <UnitTest name="GestPerfilNeumaticoConstructorTest" storage="c:\users\antonio\desktop\ventura20140728\ventura\tddventura\bin\debug\tddventura.dll" id="c6b3da3c-b305-f359-f273-d3a6a0bc20c0">
      <Execution id="743c7d27-3e3b-4d9c-a027-9114dbbdd5c7" />
      <TestMethod codeBase="C:/Users/Antonio/Desktop/Ventura20140728/Ventura/TDDVentura/bin/Debug/TDDVentura.DLL" adapterTypeName="Microsoft.VisualStudio.TestTools.TestTypes.Unit.UnitTestAdapter, Microsoft.VisualStudio.QualityTools.Tips.UnitTest.Adapter, Version=10.0.0.0, Culture=neutral, PublicKeyToken=b03f5f7f11d50a3a" className="TDDVentura.GestPerfilNeumaticoTest, TDDVentura, Version=1.0.0.0, Culture=neutral, PublicKeyToken=null" name="GestPerfilNeumaticoConstructorTest" />
    </UnitTest>
    <UnitTest name="LimpiarControlesTest" storage="c:\users\antonio\desktop\ventura20140728\ventura\tddventura\bin\debug\tddventura.dll" id="6361acdc-dcba-73b3-4473-e46e9bf64d59">
      <DeploymentItems>
        <DeploymentItem filename="AplicacionSistemaVentura.exe" />
      </DeploymentItems>
      <Execution id="96ff7ca9-1d5a-409d-86af-89c9f430fa68" />
      <TestMethod codeBase="C:/Users/Antonio/Desktop/Ventura20140728/Ventura/TDDVentura/bin/Debug/TDDVentura.DLL" adapterTypeName="Microsoft.VisualStudio.TestTools.TestTypes.Unit.UnitTestAdapter, Microsoft.VisualStudio.QualityTools.Tips.UnitTest.Adapter, Version=10.0.0.0, Culture=neutral, PublicKeyToken=b03f5f7f11d50a3a" className="TDDVentura.GestPerfilNeumaticoTest, TDDVentura, Version=1.0.0.0, Culture=neutral, PublicKeyToken=null" name="LimpiarControlesTest" />
    </UnitTest>
    <UnitTest name="OutFocusTest" storage="c:\users\antonio\desktop\ventura20140728\ventura\tddventura\bin\debug\tddventura.dll" id="11c777dd-0af4-f0d8-77a4-88d47b2ecec0">
      <DeploymentItems>
        <DeploymentItem filename="AplicacionSistemaVentura.exe" />
      </DeploymentItems>
      <Execution id="eb4dac37-2e88-4b3d-b234-03a5e5e61750" />
      <TestMethod codeBase="C:/Users/Antonio/Desktop/Ventura20140728/Ventura/TDDVentura/bin/Debug/TDDVentura.DLL" adapterTypeName="Microsoft.VisualStudio.TestTools.TestTypes.Unit.UnitTestAdapter, Microsoft.VisualStudio.QualityTools.Tips.UnitTest.Adapter, Version=10.0.0.0, Culture=neutral, PublicKeyToken=b03f5f7f11d50a3a" className="TDDVentura.GestPerfilNeumaticoTest, TDDVentura, Version=1.0.0.0, Culture=neutral, PublicKeyToken=null" name="OutFocusTest" />
    </UnitTest>
    <UnitTest name="cboLlanRepu_SelectedIndexChangedTest" storage="c:\users\antonio\desktop\ventura20140728\ventura\tddventura\bin\debug\tddventura.dll" id="3350f1ef-bae7-a170-28a2-f6d4ef908ec2">
      <DeploymentItems>
        <DeploymentItem filename="AplicacionSistemaVentura.exe" />
      </DeploymentItems>
      <Execution id="dfb96feb-2cca-49e6-b214-7d84be61dde8" />
      <TestMethod codeBase="C:/Users/Antonio/Desktop/Ventura20140728/Ventura/TDDVentura/bin/Debug/TDDVentura.DLL" adapterTypeName="Microsoft.VisualStudio.TestTools.TestTypes.Unit.UnitTestAdapter, Microsoft.VisualStudio.QualityTools.Tips.UnitTest.Adapter, Version=10.0.0.0, Culture=neutral, PublicKeyToken=b03f5f7f11d50a3a" className="TDDVentura.GestPerfilNeumaticoTest, TDDVentura, Version=1.0.0.0, Culture=neutral, PublicKeyToken=null" name="cboLlanRepu_SelectedIndexChangedTest" />
    </UnitTest>
    <UnitTest name="MensajeTest" storage="c:\users\antonio\desktop\ventura20140728\ventura\tddventura\bin\debug\tddventura.dll" id="6dd6745c-2f58-acd9-85bc-b1e650de69e6">
      <DeploymentItems>
        <DeploymentItem filename="AplicacionSistemaVentura.exe" />
      </DeploymentItems>
      <Execution id="c273977a-c21f-41b1-ba92-c70bdba5bd33" />
      <TestMethod codeBase="C:/Users/Antonio/Desktop/Ventura20140728/Ventura/TDDVentura/bin/Debug/TDDVentura.DLL" adapterTypeName="Microsoft.VisualStudio.TestTools.TestTypes.Unit.UnitTestAdapter, Microsoft.VisualStudio.QualityTools.Tips.UnitTest.Adapter, Version=10.0.0.0, Culture=neutral, PublicKeyToken=b03f5f7f11d50a3a" className="TDDVentura.GestPerfilNeumaticoTest, TDDVentura, Version=1.0.0.0, Culture=neutral, PublicKeyToken=null" name="MensajeTest" />
    </UnitTest>
    <UnitTest name="dtgPerfNeum_MouseDoubleClickTest" storage="c:\users\antonio\desktop\ventura20140728\ventura\tddventura\bin\debug\tddventura.dll" id="39da4c68-d679-c2d7-f103-8758675e8bef">
      <DeploymentItems>
        <DeploymentItem filename="AplicacionSistemaVentura.exe" />
      </DeploymentItems>
      <Execution id="63f98d6e-f355-42e6-a43f-05825e2226e2" />
      <TestMethod codeBase="C:/Users/Antonio/Desktop/Ventura20140728/Ventura/TDDVentura/bin/Debug/TDDVentura.DLL" adapterTypeName="Microsoft.VisualStudio.TestTools.TestTypes.Unit.UnitTestAdapter, Microsoft.VisualStudio.QualityTools.Tips.UnitTest.Adapter, Version=10.0.0.0, Culture=neutral, PublicKeyToken=b03f5f7f11d50a3a" className="TDDVentura.GestPerfilNeumaticoTest, TDDVentura, Version=1.0.0.0, Culture=neutral, PublicKeyToken=null" name="dtgPerfNeum_MouseDoubleClickTest" />
    </UnitTest>
    <UnitTest name="PintarLlantaRepuestoTest" storage="c:\users\antonio\desktop\ventura20140728\ventura\tddventura\bin\debug\tddventura.dll" id="d3e582fd-fda3-ef2a-80e1-dc06b091bf4c">
      <DeploymentItems>
        <DeploymentItem filename="AplicacionSistemaVentura.exe" />
      </DeploymentItems>
      <Execution id="84419e79-72ae-46d9-8da2-b72166351d90" />
      <TestMethod codeBase="C:/Users/Antonio/Desktop/Ventura20140728/Ventura/TDDVentura/bin/Debug/TDDVentura.DLL" adapterTypeName="Microsoft.VisualStudio.TestTools.TestTypes.Unit.UnitTestAdapter, Microsoft.VisualStudio.QualityTools.Tips.UnitTest.Adapter, Version=10.0.0.0, Culture=neutral, PublicKeyToken=b03f5f7f11d50a3a" className="TDDVentura.GestPerfilNeumaticoTest, TDDVentura, Version=1.0.0.0, Culture=neutral, PublicKeyToken=null" name="PintarLlantaRepuestoTest" />
    </UnitTest>
    <UnitTest name="DetallePerfilNeumaticoTest" storage="c:\users\antonio\desktop\ventura20140728\ventura\tddventura\bin\debug\tddventura.dll" id="d55aab20-b9c5-4a2d-3177-a2f8f5f39c9b">
      <DeploymentItems>
        <DeploymentItem filename="AplicacionSistemaVentura.exe" />
      </DeploymentItems>
      <Execution id="25db08cf-5e3f-4f46-9c90-20e30f10e02d" />
      <TestMethod codeBase="C:/Users/Antonio/Desktop/Ventura20140728/Ventura/TDDVentura/bin/Debug/TDDVentura.DLL" adapterTypeName="Microsoft.VisualStudio.TestTools.TestTypes.Unit.UnitTestAdapter, Microsoft.VisualStudio.QualityTools.Tips.UnitTest.Adapter, Version=10.0.0.0, Culture=neutral, PublicKeyToken=b03f5f7f11d50a3a" className="TDDVentura.GestPerfilNeumaticoTest, TDDVentura, Version=1.0.0.0, Culture=neutral, PublicKeyToken=null" name="DetallePerfilNeumaticoTest" />
    </UnitTest>
    <UnitTest name="ConnectTest" storage="c:\users\antonio\desktop\ventura20140728\ventura\tddventura\bin\debug\tddventura.dll" id="90e48841-9508-a43f-fbc8-f29a03ce34e0">
      <DeploymentItems>
        <DeploymentItem filename="AplicacionSistemaVentura.exe" />
      </DeploymentItems>
      <Execution id="33d8fb95-999e-4d80-8ca3-2198ad2ac24b" />
      <TestMethod codeBase="C:/Users/Antonio/Desktop/Ventura20140728/Ventura/TDDVentura/bin/Debug/TDDVentura.DLL" adapterTypeName="Microsoft.VisualStudio.TestTools.TestTypes.Unit.UnitTestAdapter, Microsoft.VisualStudio.QualityTools.Tips.UnitTest.Adapter, Version=10.0.0.0, Culture=neutral, PublicKeyToken=b03f5f7f11d50a3a" className="TDDVentura.GestPerfilNeumaticoTest, TDDVentura, Version=1.0.0.0, Culture=neutral, PublicKeyToken=null" name="ConnectTest" />
    </UnitTest>
    <UnitTest name="btnGrabar_ClickTest" storage="c:\users\antonio\desktop\ventura20140728\ventura\tddventura\bin\debug\tddventura.dll" id="c34a7807-1e8f-c9a3-ac6c-4e8a2d3a8f28">
      <DeploymentItems>
        <DeploymentItem filename="AplicacionSistemaVentura.exe" />
      </DeploymentItems>
      <Execution id="3f71c35f-12a9-4449-94c0-ffb7e5f4986f" />
      <TestMethod codeBase="C:/Users/Antonio/Desktop/Ventura20140728/Ventura/TDDVentura/bin/Debug/TDDVentura.DLL" adapterTypeName="Microsoft.VisualStudio.TestTools.TestTypes.Unit.UnitTestAdapter, Microsoft.VisualStudio.QualityTools.Tips.UnitTest.Adapter, Version=10.0.0.0, Culture=neutral, PublicKeyToken=b03f5f7f11d50a3a" className="TDDVentura.GestPerfilNeumaticoTest, TDDVentura, Version=1.0.0.0, Culture=neutral, PublicKeyToken=null" name="btnGrabar_ClickTest" />
    </UnitTest>
    <UnitTest name="cboNroLlanta_SelectedIndexChangedTest" storage="c:\users\antonio\desktop\ventura20140728\ventura\tddventura\bin\debug\tddventura.dll" id="34633317-8120-3ba5-dc7b-d26e0e8fe124">
      <DeploymentItems>
        <DeploymentItem filename="AplicacionSistemaVentura.exe" />
      </DeploymentItems>
      <Execution id="f2b0be77-680a-487e-bab9-e0aea7432576" />
      <TestMethod codeBase="C:/Users/Antonio/Desktop/Ventura20140728/Ventura/TDDVentura/bin/Debug/TDDVentura.DLL" adapterTypeName="Microsoft.VisualStudio.TestTools.TestTypes.Unit.UnitTestAdapter, Microsoft.VisualStudio.QualityTools.Tips.UnitTest.Adapter, Version=10.0.0.0, Culture=neutral, PublicKeyToken=b03f5f7f11d50a3a" className="TDDVentura.GestPerfilNeumaticoTest, TDDVentura, Version=1.0.0.0, Culture=neutral, PublicKeyToken=null" name="cboNroLlanta_SelectedIndexChangedTest" />
    </UnitTest>
    <UnitTest name="tbvPerfNeumEje_ShowingEditorTest" storage="c:\users\antonio\desktop\ventura20140728\ventura\tddventura\bin\debug\tddventura.dll" id="8b6778f1-037d-45dd-245d-e889450b603b">
      <DeploymentItems>
        <DeploymentItem filename="AplicacionSistemaVentura.exe" />
      </DeploymentItems>
      <Execution id="26da05b6-3ac0-4911-8d99-3439b25f8706" />
      <TestMethod codeBase="C:/Users/Antonio/Desktop/Ventura20140728/Ventura/TDDVentura/bin/Debug/TDDVentura.DLL" adapterTypeName="Microsoft.VisualStudio.TestTools.TestTypes.Unit.UnitTestAdapter, Microsoft.VisualStudio.QualityTools.Tips.UnitTest.Adapter, Version=10.0.0.0, Culture=neutral, PublicKeyToken=b03f5f7f11d50a3a" className="TDDVentura.GestPerfilNeumaticoTest, TDDVentura, Version=1.0.0.0, Culture=neutral, PublicKeyToken=null" name="tbvPerfNeumEje_ShowingEditorTest" />
    </UnitTest>
    <UnitTest name="UserControl_LoadedTest" storage="c:\users\antonio\desktop\ventura20140728\ventura\tddventura\bin\debug\tddventura.dll" id="cd692052-1e14-8b68-94e8-48fd0eaf37eb">
      <DeploymentItems>
        <DeploymentItem filename="AplicacionSistemaVentura.exe" />
      </DeploymentItems>
      <Execution id="4205f482-d8bf-47fd-bb3a-a3c2ac01557c" />
      <TestMethod codeBase="C:/Users/Antonio/Desktop/Ventura20140728/Ventura/TDDVentura/bin/Debug/TDDVentura.DLL" adapterTypeName="Microsoft.VisualStudio.TestTools.TestTypes.Unit.UnitTestAdapter, Microsoft.VisualStudio.QualityTools.Tips.UnitTest.Adapter, Version=10.0.0.0, Culture=neutral, PublicKeyToken=b03f5f7f11d50a3a" className="TDDVentura.GestPerfilNeumaticoTest, TDDVentura, Version=1.0.0.0, Culture=neutral, PublicKeyToken=null" name="UserControl_LoadedTest" />
    </UnitTest>
    <UnitTest name="InitializeComponentTest" storage="c:\users\antonio\desktop\ventura20140728\ventura\tddventura\bin\debug\tddventura.dll" id="d3f917b7-7d71-0dec-4604-1a2bcf60978b">
      <Execution id="3803071d-ccae-46a0-90e7-7667e07bc511" />
      <TestMethod codeBase="C:/Users/Antonio/Desktop/Ventura20140728/Ventura/TDDVentura/bin/Debug/TDDVentura.DLL" adapterTypeName="Microsoft.VisualStudio.TestTools.TestTypes.Unit.UnitTestAdapter, Microsoft.VisualStudio.QualityTools.Tips.UnitTest.Adapter, Version=10.0.0.0, Culture=neutral, PublicKeyToken=b03f5f7f11d50a3a" className="TDDVentura.GestPerfilNeumaticoTest, TDDVentura, Version=1.0.0.0, Culture=neutral, PublicKeyToken=null" name="InitializeComponentTest" />
    </UnitTest>
    <UnitTest name="ValidaCampoObligadoTest" storage="c:\users\antonio\desktop\ventura20140728\ventura\tddventura\bin\debug\tddventura.dll" id="b2ed2b79-3302-03b0-5c80-29da7832a8fb">
      <DeploymentItems>
        <DeploymentItem filename="AplicacionSistemaVentura.exe" />
      </DeploymentItems>
      <Execution id="6acc7094-e5f8-455d-beb8-c16df3f5ffc8" />
      <TestMethod codeBase="C:/Users/Antonio/Desktop/Ventura20140728/Ventura/TDDVentura/bin/Debug/TDDVentura.DLL" adapterTypeName="Microsoft.VisualStudio.TestTools.TestTypes.Unit.UnitTestAdapter, Microsoft.VisualStudio.QualityTools.Tips.UnitTest.Adapter, Version=10.0.0.0, Culture=neutral, PublicKeyToken=b03f5f7f11d50a3a" className="TDDVentura.GestPerfilNeumaticoTest, TDDVentura, Version=1.0.0.0, Culture=neutral, PublicKeyToken=null" name="ValidaCampoObligadoTest" />
    </UnitTest>
    <UnitTest name="OnFocusTest" storage="c:\users\antonio\desktop\ventura20140728\ventura\tddventura\bin\debug\tddventura.dll" id="4e485c4f-a7e9-6a97-d8e7-746b90629991">
      <DeploymentItems>
        <DeploymentItem filename="AplicacionSistemaVentura.exe" />
      </DeploymentItems>
      <Execution id="cf98acec-9a06-4a8f-ba77-8fdc8ded646b" />
      <TestMethod codeBase="C:/Users/Antonio/Desktop/Ventura20140728/Ventura/TDDVentura/bin/Debug/TDDVentura.DLL" adapterTypeName="Microsoft.VisualStudio.TestTools.TestTypes.Unit.UnitTestAdapter, Microsoft.VisualStudio.QualityTools.Tips.UnitTest.Adapter, Version=10.0.0.0, Culture=neutral, PublicKeyToken=b03f5f7f11d50a3a" className="TDDVentura.GestPerfilNeumaticoTest, TDDVentura, Version=1.0.0.0, Culture=neutral, PublicKeyToken=null" name="OnFocusTest" />
    </UnitTest>
    <UnitTest name="btnEditar_ClickTest" storage="c:\users\antonio\desktop\ventura20140728\ventura\tddventura\bin\debug\tddventura.dll" id="57c22915-1571-3ea8-b1d3-5bb3f1000b53">
      <DeploymentItems>
        <DeploymentItem filename="AplicacionSistemaVentura.exe" />
      </DeploymentItems>
      <Execution id="c07afd54-5696-4e28-b93a-eeeafca4b228" />
      <TestMethod codeBase="C:/Users/Antonio/Desktop/Ventura20140728/Ventura/TDDVentura/bin/Debug/TDDVentura.DLL" adapterTypeName="Microsoft.VisualStudio.TestTools.TestTypes.Unit.UnitTestAdapter, Microsoft.VisualStudio.QualityTools.Tips.UnitTest.Adapter, Version=10.0.0.0, Culture=neutral, PublicKeyToken=b03f5f7f11d50a3a" className="TDDVentura.GestPerfilNeumaticoTest, TDDVentura, Version=1.0.0.0, Culture=neutral, PublicKeyToken=null" name="btnEditar_ClickTest" />
    </UnitTest>
    <UnitTest name="GestPerfilNeumaticoConstructorTest1" storage="c:\users\antonio\desktop\ventura20140728\ventura\tddventura\bin\debug\tddventura.dll" id="0848aa6c-780c-1647-89fc-4a00f35cb2b0">
      <Execution id="0404d225-0b25-481b-8e96-07ccbd1e9280" />
      <TestMethod codeBase="C:/Users/Antonio/Desktop/Ventura20140728/Ventura/TDDVentura/bin/Debug/TDDVentura.DLL" adapterTypeName="Microsoft.VisualStudio.TestTools.TestTypes.Unit.UnitTestAdapter, Microsoft.VisualStudio.QualityTools.Tips.UnitTest.Adapter, Version=10.0.0.0, Culture=neutral, PublicKeyToken=b03f5f7f11d50a3a" className="TDDVentura.GestPerfilNeumaticoTest, TDDVentura, Version=1.0.0.0, Culture=neutral, PublicKeyToken=null" name="GestPerfilNeumaticoConstructorTest1" />
    </UnitTest>
    <UnitTest name="EstadoFormTest" storage="c:\users\antonio\desktop\ventura20140728\ventura\tddventura\bin\debug\tddventura.dll" id="a455db1e-363b-049c-80f3-977dbf6a9fd5">
      <DeploymentItems>
        <DeploymentItem filename="AplicacionSistemaVentura.exe" />
      </DeploymentItems>
      <Execution id="62082e45-f5f7-4dab-9cc5-b2e0736a707c" />
      <TestMethod codeBase="C:/Users/Antonio/Desktop/Ventura20140728/Ventura/TDDVentura/bin/Debug/TDDVentura.DLL" adapterTypeName="Microsoft.VisualStudio.TestTools.TestTypes.Unit.UnitTestAdapter, Microsoft.VisualStudio.QualityTools.Tips.UnitTest.Adapter, Version=10.0.0.0, Culture=neutral, PublicKeyToken=b03f5f7f11d50a3a" className="TDDVentura.GestPerfilNeumaticoTest, TDDVentura, Version=1.0.0.0, Culture=neutral, PublicKeyToken=null" name="EstadoFormTest" />
    </UnitTest>
    <UnitTest name="btnCancelar_ClickTest" storage="c:\users\antonio\desktop\ventura20140728\ventura\tddventura\bin\debug\tddventura.dll" id="e27987a3-b8f9-ddfd-d0b6-9ae2e8e51289">
      <DeploymentItems>
        <DeploymentItem filename="AplicacionSistemaVentura.exe" />
      </DeploymentItems>
      <Execution id="bf84f602-fb4f-4595-b77e-b731cc4481a8" />
      <TestMethod codeBase="C:/Users/Antonio/Desktop/Ventura20140728/Ventura/TDDVentura/bin/Debug/TDDVentura.DLL" adapterTypeName="Microsoft.VisualStudio.TestTools.TestTypes.Unit.UnitTestAdapter, Microsoft.VisualStudio.QualityTools.Tips.UnitTest.Adapter, Version=10.0.0.0, Culture=neutral, PublicKeyToken=b03f5f7f11d50a3a" className="TDDVentura.GestPerfilNeumaticoTest, TDDVentura, Version=1.0.0.0, Culture=neutral, PublicKeyToken=null" name="btnCancelar_ClickTest" />
    </UnitTest>
    <UnitTest name="ConnectTest1" storage="c:\users\antonio\desktop\ventura20140728\ventura\tddventura\bin\debug\tddventura.dll" id="f106a0a9-d39f-1ab3-5a92-69c914f90985">
      <DeploymentItems>
        <DeploymentItem filename="AplicacionSistemaVentura.exe" />
      </DeploymentItems>
      <Execution id="b32d3a9b-55a4-4d03-a6b6-f1650541fd4d" />
      <TestMethod codeBase="C:/Users/Antonio/Desktop/Ventura20140728/Ventura/TDDVentura/bin/Debug/TDDVentura.DLL" adapterTypeName="Microsoft.VisualStudio.TestTools.TestTypes.Unit.UnitTestAdapter, Microsoft.VisualStudio.QualityTools.Tips.UnitTest.Adapter, Version=10.0.0.0, Culture=neutral, PublicKeyToken=b03f5f7f11d50a3a" className="TDDVentura.GestPerfilNeumaticoTest, TDDVentura, Version=1.0.0.0, Culture=neutral, PublicKeyToken=null" name="ConnectTest1" />
    </UnitTest>
    <UnitTest name="PintarEjeTest" storage="c:\users\antonio\desktop\ventura20140728\ventura\tddventura\bin\debug\tddventura.dll" id="2d273999-c8a0-62c4-1439-ab129b651d8f">
      <DeploymentItems>
        <DeploymentItem filename="AplicacionSistemaVentura.exe" />
      </DeploymentItems>
      <Execution id="5216ec47-1789-495f-a07c-43a306e21cdc" />
      <TestMethod codeBase="C:/Users/Antonio/Desktop/Ventura20140728/Ventura/TDDVentura/bin/Debug/TDDVentura.DLL" adapterTypeName="Microsoft.VisualStudio.TestTools.TestTypes.Unit.UnitTestAdapter, Microsoft.VisualStudio.QualityTools.Tips.UnitTest.Adapter, Version=10.0.0.0, Culture=neutral, PublicKeyToken=b03f5f7f11d50a3a" className="TDDVentura.GestPerfilNeumaticoTest, TDDVentura, Version=1.0.0.0, Culture=neutral, PublicKeyToken=null" name="PintarEjeTest" />
    </UnitTest>
    <UnitTest name="cboNroEje_SelectedIndexChangedTest" storage="c:\users\antonio\desktop\ventura20140728\ventura\tddventura\bin\debug\tddventura.dll" id="3c2bda18-d360-568f-272c-fb0f18e86a1b">
      <DeploymentItems>
        <DeploymentItem filename="AplicacionSistemaVentura.exe" />
      </DeploymentItems>
      <Execution id="b5aee388-113b-4e1d-b36c-9504363a3722" />
      <TestMethod codeBase="C:/Users/Antonio/Desktop/Ventura20140728/Ventura/TDDVentura/bin/Debug/TDDVentura.DLL" adapterTypeName="Microsoft.VisualStudio.TestTools.TestTypes.Unit.UnitTestAdapter, Microsoft.VisualStudio.QualityTools.Tips.UnitTest.Adapter, Version=10.0.0.0, Culture=neutral, PublicKeyToken=b03f5f7f11d50a3a" className="TDDVentura.GestPerfilNeumaticoTest, TDDVentura, Version=1.0.0.0, Culture=neutral, PublicKeyToken=null" name="cboNroEje_SelectedIndexChangedTest" />
    </UnitTest>
    <UnitTest name="EstadoEdicionTest" storage="c:\users\antonio\desktop\ventura20140728\ventura\tddventura\bin\debug\tddventura.dll" id="6c100e5e-4551-8023-cd41-1ac3bd84f1ba">
      <DeploymentItems>
        <DeploymentItem filename="AplicacionSistemaVentura.exe" />
      </DeploymentItems>
      <Execution id="68bc3e8f-95a7-4644-8914-c073c8e92916" />
      <TestMethod codeBase="C:/Users/Antonio/Desktop/Ventura20140728/Ventura/TDDVentura/bin/Debug/TDDVentura.DLL" adapterTypeName="Microsoft.VisualStudio.TestTools.TestTypes.Unit.UnitTestAdapter, Microsoft.VisualStudio.QualityTools.Tips.UnitTest.Adapter, Version=10.0.0.0, Culture=neutral, PublicKeyToken=b03f5f7f11d50a3a" className="TDDVentura.GestPerfilNeumaticoTest, TDDVentura, Version=1.0.0.0, Culture=neutral, PublicKeyToken=null" name="EstadoEdicionTest" />
    </UnitTest>
    <UnitTest name="ValidaLogicaNegocioTest" storage="c:\users\antonio\desktop\ventura20140728\ventura\tddventura\bin\debug\tddventura.dll" id="e6c1ca1b-aff0-7448-2e55-ad7dfbe24679">
      <DeploymentItems>
        <DeploymentItem filename="AplicacionSistemaVentura.exe" />
      </DeploymentItems>
      <Execution id="995bce20-21d9-4a8d-bab3-bc9a2a8ab96c" />
      <TestMethod codeBase="C:/Users/Antonio/Desktop/Ventura20140728/Ventura/TDDVentura/bin/Debug/TDDVentura.DLL" adapterTypeName="Microsoft.VisualStudio.TestTools.TestTypes.Unit.UnitTestAdapter, Microsoft.VisualStudio.QualityTools.Tips.UnitTest.Adapter, Version=10.0.0.0, Culture=neutral, PublicKeyToken=b03f5f7f11d50a3a" className="TDDVentura.GestPerfilNeumaticoTest, TDDVentura, Version=1.0.0.0, Culture=neutral, PublicKeyToken=null" name="ValidaLogicaNegocioTest" />
    </UnitTest>
    <UnitTest name="PintarNeumaticoTest" storage="c:\users\antonio\desktop\ventura20140728\ventura\tddventura\bin\debug\tddventura.dll" id="11a4fa1c-861b-bd8f-33a6-6d9bd2d0d5ac">
      <DeploymentItems>
        <DeploymentItem filename="AplicacionSistemaVentura.exe" />
      </DeploymentItems>
      <Execution id="db1a62ad-ae96-49a9-b36f-ae46dc68854b" />
      <TestMethod codeBase="C:/Users/Antonio/Desktop/Ventura20140728/Ventura/TDDVentura/bin/Debug/TDDVentura.DLL" adapterTypeName="Microsoft.VisualStudio.TestTools.TestTypes.Unit.UnitTestAdapter, Microsoft.VisualStudio.QualityTools.Tips.UnitTest.Adapter, Version=10.0.0.0, Culture=neutral, PublicKeyToken=b03f5f7f11d50a3a" className="TDDVentura.GestPerfilNeumaticoTest, TDDVentura, Version=1.0.0.0, Culture=neutral, PublicKeyToken=null" name="PintarNeumaticoTest" />
    </UnitTest>
    <UnitTest name="ListarPerfilNeumaticoTest" storage="c:\users\antonio\desktop\ventura20140728\ventura\tddventura\bin\debug\tddventura.dll" id="032808ca-936c-77d5-07ff-2d8ae417dc2f">
      <DeploymentItems>
        <DeploymentItem filename="AplicacionSistemaVentura.exe" />
      </DeploymentItems>
      <Execution id="61849cdf-684b-4fd9-aad4-5b20ddf0b31d" />
      <TestMethod codeBase="C:/Users/Antonio/Desktop/Ventura20140728/Ventura/TDDVentura/bin/Debug/TDDVentura.DLL" adapterTypeName="Microsoft.VisualStudio.TestTools.TestTypes.Unit.UnitTestAdapter, Microsoft.VisualStudio.QualityTools.Tips.UnitTest.Adapter, Version=10.0.0.0, Culture=neutral, PublicKeyToken=b03f5f7f11d50a3a" className="TDDVentura.GestPerfilNeumaticoTest, TDDVentura, Version=1.0.0.0, Culture=neutral, PublicKeyToken=null" name="ListarPerfilNeumaticoTest" />
    </UnitTest>
    <UnitTest name="TestMethod1" storage="c:\users\antonio\desktop\ventura20140728\ventura\tddventura\bin\debug\tddventura.dll" id="b616902b-dced-a4d9-d133-32bbf99fdb83">
      <Execution id="48d18378-7333-4776-8fdf-c9fd2df7df10" />
      <TestMethod codeBase="C:/Users/Antonio/Desktop/Ventura20140728/Ventura/TDDVentura/bin/Debug/TDDVentura.DLL" adapterTypeName="Microsoft.VisualStudio.TestTools.TestTypes.Unit.UnitTestAdapter, Microsoft.VisualStudio.QualityTools.Tips.UnitTest.Adapter, Version=10.0.0.0, Culture=neutral, PublicKeyToken=b03f5f7f11d50a3a" className="TDDVentura.UnitTest1, TDDVentura, Version=1.0.0.0, Culture=neutral, PublicKeyToken=null" name="TestMethod1" />
    </UnitTest>
    <UnitTest name="LimpiarGridTest" storage="c:\users\antonio\desktop\ventura20140728\ventura\tddventura\bin\debug\tddventura.dll" id="e3f5b30e-dd1d-7e93-6278-3536b04a9ab4">
      <DeploymentItems>
        <DeploymentItem filename="AplicacionSistemaVentura.exe" />
      </DeploymentItems>
      <Execution id="6ef70264-8c81-4cf1-a351-190d1780ad73" />
      <TestMethod codeBase="C:/Users/Antonio/Desktop/Ventura20140728/Ventura/TDDVentura/bin/Debug/TDDVentura.DLL" adapterTypeName="Microsoft.VisualStudio.TestTools.TestTypes.Unit.UnitTestAdapter, Microsoft.VisualStudio.QualityTools.Tips.UnitTest.Adapter, Version=10.0.0.0, Culture=neutral, PublicKeyToken=b03f5f7f11d50a3a" className="TDDVentura.GestPerfilNeumaticoTest, TDDVentura, Version=1.0.0.0, Culture=neutral, PublicKeyToken=null" name="LimpiarGridTest" />
    </UnitTest>
    <UnitTest name="txtDesc_KeyUpTest" storage="c:\users\antonio\desktop\ventura20140728\ventura\tddventura\bin\debug\tddventura.dll" id="1becd8ee-2c8a-a78d-217f-3d0559f6a784">
      <DeploymentItems>
        <DeploymentItem filename="AplicacionSistemaVentura.exe" />
      </DeploymentItems>
      <Execution id="becc2347-d38b-4858-9544-b7b0431f15db" />
      <TestMethod codeBase="C:/Users/Antonio/Desktop/Ventura20140728/Ventura/TDDVentura/bin/Debug/TDDVentura.DLL" adapterTypeName="Microsoft.VisualStudio.TestTools.TestTypes.Unit.UnitTestAdapter, Microsoft.VisualStudio.QualityTools.Tips.UnitTest.Adapter, Version=10.0.0.0, Culture=neutral, PublicKeyToken=b03f5f7f11d50a3a" className="TDDVentura.GestPerfilNeumaticoTest, TDDVentura, Version=1.0.0.0, Culture=neutral, PublicKeyToken=null" name="txtDesc_KeyUpTest" />
    </UnitTest>
  </TestDefinitions>
  <TestLists>
    <TestList name="Results Not in a List" id="8c84fa94-04c1-424b-9868-57a2d4851a1d" />
    <TestList name="All Loaded Results" id="19431567-8539-422a-85d7-44ee4e166bda" />
  </TestLists>
  <TestEntries>
    <TestEntry testId="1becd8ee-2c8a-a78d-217f-3d0559f6a784" executionId="becc2347-d38b-4858-9544-b7b0431f15db" testListId="8c84fa94-04c1-424b-9868-57a2d4851a1d" />
    <TestEntry testId="6dd6745c-2f58-acd9-85bc-b1e650de69e6" executionId="c273977a-c21f-41b1-ba92-c70bdba5bd33" testListId="8c84fa94-04c1-424b-9868-57a2d4851a1d" />
    <TestEntry testId="d3e582fd-fda3-ef2a-80e1-dc06b091bf4c" executionId="84419e79-72ae-46d9-8da2-b72166351d90" testListId="8c84fa94-04c1-424b-9868-57a2d4851a1d" />
    <TestEntry testId="11a4fa1c-861b-bd8f-33a6-6d9bd2d0d5ac" executionId="db1a62ad-ae96-49a9-b36f-ae46dc68854b" testListId="8c84fa94-04c1-424b-9868-57a2d4851a1d" />
    <TestEntry testId="b616902b-dced-a4d9-d133-32bbf99fdb83" executionId="48d18378-7333-4776-8fdf-c9fd2df7df10" testListId="8c84fa94-04c1-424b-9868-57a2d4851a1d" />
    <TestEntry testId="c6b3da3c-b305-f359-f273-d3a6a0bc20c0" executionId="743c7d27-3e3b-4d9c-a027-9114dbbdd5c7" testListId="8c84fa94-04c1-424b-9868-57a2d4851a1d" />
    <TestEntry testId="2d273999-c8a0-62c4-1439-ab129b651d8f" executionId="5216ec47-1789-495f-a07c-43a306e21cdc" testListId="8c84fa94-04c1-424b-9868-57a2d4851a1d" />
    <TestEntry testId="34633317-8120-3ba5-dc7b-d26e0e8fe124" executionId="f2b0be77-680a-487e-bab9-e0aea7432576" testListId="8c84fa94-04c1-424b-9868-57a2d4851a1d" />
    <TestEntry testId="11c777dd-0af4-f0d8-77a4-88d47b2ecec0" executionId="eb4dac37-2e88-4b3d-b234-03a5e5e61750" testListId="8c84fa94-04c1-424b-9868-57a2d4851a1d" />
    <TestEntry testId="8b6778f1-037d-45dd-245d-e889450b603b" executionId="26da05b6-3ac0-4911-8d99-3439b25f8706" testListId="8c84fa94-04c1-424b-9868-57a2d4851a1d" />
    <TestEntry testId="b8c84d8e-4b9b-f64d-be5d-9b02bdddf3f1" executionId="66a711d4-90e8-4887-9258-cca295fb8ef3" testListId="8c84fa94-04c1-424b-9868-57a2d4851a1d" />
    <TestEntry testId="57c22915-1571-3ea8-b1d3-5bb3f1000b53" executionId="c07afd54-5696-4e28-b93a-eeeafca4b228" testListId="8c84fa94-04c1-424b-9868-57a2d4851a1d" />
    <TestEntry testId="3c2bda18-d360-568f-272c-fb0f18e86a1b" executionId="b5aee388-113b-4e1d-b36c-9504363a3722" testListId="8c84fa94-04c1-424b-9868-57a2d4851a1d" />
    <TestEntry testId="ca69f6f9-6574-3eb0-08b3-d8e1fde2504a" executionId="c055194c-0084-41c6-a4c2-e986747a83ce" testListId="8c84fa94-04c1-424b-9868-57a2d4851a1d" />
    <TestEntry testId="4e485c4f-a7e9-6a97-d8e7-746b90629991" executionId="cf98acec-9a06-4a8f-ba77-8fdc8ded646b" testListId="8c84fa94-04c1-424b-9868-57a2d4851a1d" />
    <TestEntry testId="e27987a3-b8f9-ddfd-d0b6-9ae2e8e51289" executionId="bf84f602-fb4f-4595-b77e-b731cc4481a8" testListId="8c84fa94-04c1-424b-9868-57a2d4851a1d" />
    <TestEntry testId="f106a0a9-d39f-1ab3-5a92-69c914f90985" executionId="b32d3a9b-55a4-4d03-a6b6-f1650541fd4d" testListId="8c84fa94-04c1-424b-9868-57a2d4851a1d" />
    <TestEntry testId="90e48841-9508-a43f-fbc8-f29a03ce34e0" executionId="33d8fb95-999e-4d80-8ca3-2198ad2ac24b" testListId="8c84fa94-04c1-424b-9868-57a2d4851a1d" />
    <TestEntry testId="6361acdc-dcba-73b3-4473-e46e9bf64d59" executionId="96ff7ca9-1d5a-409d-86af-89c9f430fa68" testListId="8c84fa94-04c1-424b-9868-57a2d4851a1d" />
    <TestEntry testId="b2ed2b79-3302-03b0-5c80-29da7832a8fb" executionId="6acc7094-e5f8-455d-beb8-c16df3f5ffc8" testListId="8c84fa94-04c1-424b-9868-57a2d4851a1d" />
    <TestEntry testId="d3f917b7-7d71-0dec-4604-1a2bcf60978b" executionId="3803071d-ccae-46a0-90e7-7667e07bc511" testListId="8c84fa94-04c1-424b-9868-57a2d4851a1d" />
    <TestEntry testId="c34a7807-1e8f-c9a3-ac6c-4e8a2d3a8f28" executionId="3f71c35f-12a9-4449-94c0-ffb7e5f4986f" testListId="8c84fa94-04c1-424b-9868-57a2d4851a1d" />
    <TestEntry testId="cd692052-1e14-8b68-94e8-48fd0eaf37eb" executionId="4205f482-d8bf-47fd-bb3a-a3c2ac01557c" testListId="8c84fa94-04c1-424b-9868-57a2d4851a1d" />
    <TestEntry testId="e6c1ca1b-aff0-7448-2e55-ad7dfbe24679" executionId="995bce20-21d9-4a8d-bab3-bc9a2a8ab96c" testListId="8c84fa94-04c1-424b-9868-57a2d4851a1d" />
    <TestEntry testId="39da4c68-d679-c2d7-f103-8758675e8bef" executionId="63f98d6e-f355-42e6-a43f-05825e2226e2" testListId="8c84fa94-04c1-424b-9868-57a2d4851a1d" />
    <TestEntry testId="e3f5b30e-dd1d-7e93-6278-3536b04a9ab4" executionId="6ef70264-8c81-4cf1-a351-190d1780ad73" testListId="8c84fa94-04c1-424b-9868-57a2d4851a1d" />
    <TestEntry testId="a455db1e-363b-049c-80f3-977dbf6a9fd5" executionId="62082e45-f5f7-4dab-9cc5-b2e0736a707c" testListId="8c84fa94-04c1-424b-9868-57a2d4851a1d" />
    <TestEntry testId="032808ca-936c-77d5-07ff-2d8ae417dc2f" executionId="61849cdf-684b-4fd9-aad4-5b20ddf0b31d" testListId="8c84fa94-04c1-424b-9868-57a2d4851a1d" />
    <TestEntry testId="6c100e5e-4551-8023-cd41-1ac3bd84f1ba" executionId="68bc3e8f-95a7-4644-8914-c073c8e92916" testListId="8c84fa94-04c1-424b-9868-57a2d4851a1d" />
    <TestEntry testId="3350f1ef-bae7-a170-28a2-f6d4ef908ec2" executionId="dfb96feb-2cca-49e6-b214-7d84be61dde8" testListId="8c84fa94-04c1-424b-9868-57a2d4851a1d" />
    <TestEntry testId="0848aa6c-780c-1647-89fc-4a00f35cb2b0" executionId="0404d225-0b25-481b-8e96-07ccbd1e9280" testListId="8c84fa94-04c1-424b-9868-57a2d4851a1d" />
    <TestEntry testId="d55aab20-b9c5-4a2d-3177-a2f8f5f39c9b" executionId="25db08cf-5e3f-4f46-9c90-20e30f10e02d" testListId="8c84fa94-04c1-424b-9868-57a2d4851a1d" />
  </TestEntries>
  <Results>
    <UnitTestResult executionId="becc2347-d38b-4858-9544-b7b0431f15db" testId="1becd8ee-2c8a-a78d-217f-3d0559f6a784" testName="txtDesc_KeyUpTest" computerName="ASUS" duration="00:00:00.7333203" startTime="2014-07-29T22:40:54.5650971-05:00" endTime="2014-07-29T22:40:55.5827767-05:00" testType="13cdc9d9-ddb5-4fa4-a97d-d965ccfc6d4b" outcome="Failed" testListId="8c84fa94-04c1-424b-9868-57a2d4851a1d" relativeResultsDirectory="becc2347-d38b-4858-9544-b7b0431f15db">
      <Output>
        <ErrorInfo>
          <Message>Test method TDDVentura.GestPerfilNeumaticoTest.txtDesc_KeyUpTest threw exception: 
System.NullReferenceException: Referencia a objeto no establecida como instancia de un objeto.</Message>
          <StackTrace>   en AplicacionSistemaVentura.PAQ01_Definicion.GestPerfilNeumatico_Accessor.txtDesc_KeyUp(Object sender, KeyEventArgs e)
   en TDDVentura.GestPerfilNeumaticoTest.txtDesc_KeyUpTest() en C:\Users\Antonio\Desktop\Ventura20140728\Ventura\TDDVentura\GestPerfilNeumaticoTest.cs:línea 482
</StackTrace>
        </ErrorInfo>
      </Output>
    </UnitTestResult>
    <UnitTestResult executionId="c273977a-c21f-41b1-ba92-c70bdba5bd33" testId="6dd6745c-2f58-acd9-85bc-b1e650de69e6" testName="MensajeTest" computerName="ASUS" duration="00:00:00.2629221" startTime="2014-07-29T22:40:55.5887796-05:00" endTime="2014-07-29T22:40:55.8599613-05:00" testType="13cdc9d9-ddb5-4fa4-a97d-d965ccfc6d4b" outcome="Failed" testListId="8c84fa94-04c1-424b-9868-57a2d4851a1d" relativeResultsDirectory="c273977a-c21f-41b1-ba92-c70bdba5bd33">
      <Output>
        <ErrorInfo>
          <Message>Test method TDDVentura.GestPerfilNeumaticoTest.MensajeTest threw exception: 
System.NullReferenceException: Referencia a objeto no establecida como instancia de un objeto.</Message>
          <StackTrace>   en AplicacionSistemaVentura.PAQ01_Definicion.GestPerfilNeumatico_Accessor.Mensaje(String strMensaje, Int32 intTipo)
   en TDDVentura.GestPerfilNeumaticoTest.MensajeTest() en C:\Users\Antonio\Desktop\Ventura20140728\Ventura\TDDVentura\GestPerfilNeumaticoTest.cs:línea 202
</StackTrace>
        </ErrorInfo>
      </Output>
    </UnitTestResult>
    <UnitTestResult executionId="84419e79-72ae-46d9-8da2-b72166351d90" testId="d3e582fd-fda3-ef2a-80e1-dc06b091bf4c" testName="PintarLlantaRepuestoTest" computerName="ASUS" duration="00:00:00.0574046" startTime="2014-07-29T22:40:55.8659636-05:00" endTime="2014-07-29T22:40:55.9280049-05:00" testType="13cdc9d9-ddb5-4fa4-a97d-d965ccfc6d4b" outcome="Inconclusive" testListId="8c84fa94-04c1-424b-9868-57a2d4851a1d" relativeResultsDirectory="84419e79-72ae-46d9-8da2-b72166351d90">
      <Output>
        <ErrorInfo>
          <Message>Assert.Inconclusive failed. A method that does not return a value cannot be verified.</Message>
          <StackTrace>   en TDDVentura.GestPerfilNeumaticoTest.PintarLlantaRepuestoTest() en C:\Users\Antonio\Desktop\Ventura20140728\Ventura\TDDVentura\GestPerfilNeumaticoTest.cs:línea 257
</StackTrace>
        </ErrorInfo>
      </Output>
    </UnitTestResult>
    <UnitTestResult executionId="db1a62ad-ae96-49a9-b36f-ae46dc68854b" testId="11a4fa1c-861b-bd8f-33a6-6d9bd2d0d5ac" testName="PintarNeumaticoTest" computerName="ASUS" duration="00:00:00.0508304" startTime="2014-07-29T22:40:55.9330083-05:00" endTime="2014-07-29T22:40:55.9870465-05:00" testType="13cdc9d9-ddb5-4fa4-a97d-d965ccfc6d4b" outcome="Inconclusive" testListId="8c84fa94-04c1-424b-9868-57a2d4851a1d" relativeResultsDirectory="db1a62ad-ae96-49a9-b36f-ae46dc68854b">
      <Output>
        <ErrorInfo>
          <Message>Assert.Inconclusive failed. A method that does not return a value cannot be verified.</Message>
          <StackTrace>   en TDDVentura.GestPerfilNeumaticoTest.PintarNeumaticoTest() en C:\Users\Antonio\Desktop\Ventura20140728\Ventura\TDDVentura\GestPerfilNeumaticoTest.cs:línea 271
</StackTrace>
        </ErrorInfo>
      </Output>
    </UnitTestResult>
    <UnitTestResult executionId="48d18378-7333-4776-8fdf-c9fd2df7df10" testId="b616902b-dced-a4d9-d133-32bbf99fdb83" testName="TestMethod1" computerName="ASUS" duration="00:00:00.0002976" startTime="2014-07-29T22:40:55.9920476-05:00" endTime="2014-07-29T22:40:55.9960508-05:00" testType="13cdc9d9-ddb5-4fa4-a97d-d965ccfc6d4b" outcome="Passed" testListId="8c84fa94-04c1-424b-9868-57a2d4851a1d" relativeResultsDirectory="48d18378-7333-4776-8fdf-c9fd2df7df10">
    </UnitTestResult>
    <UnitTestResult executionId="743c7d27-3e3b-4d9c-a027-9114dbbdd5c7" testId="c6b3da3c-b305-f359-f273-d3a6a0bc20c0" testName="GestPerfilNeumaticoConstructorTest" computerName="ASUS" duration="00:00:00.0448577" startTime="2014-07-29T22:40:56.0010536-05:00" endTime="2014-07-29T22:40:56.0493684-05:00" testType="13cdc9d9-ddb5-4fa4-a97d-d965ccfc6d4b" outcome="Inconclusive" testListId="8c84fa94-04c1-424b-9868-57a2d4851a1d" relativeResultsDirectory="743c7d27-3e3b-4d9c-a027-9114dbbdd5c7">
      <Output>
        <ErrorInfo>
          <Message>Assert.Inconclusive failed. TODO: Implement code to verify target</Message>
          <StackTrace>   en TDDVentura.GestPerfilNeumaticoTest.GestPerfilNeumaticoConstructorTest() en C:\Users\Antonio\Desktop\Ventura20140728\Ventura\TDDVentura\GestPerfilNeumaticoTest.cs:línea 81
</StackTrace>
        </ErrorInfo>
      </Output>
    </UnitTestResult>
    <UnitTestResult executionId="5216ec47-1789-495f-a07c-43a306e21cdc" testId="2d273999-c8a0-62c4-1439-ab129b651d8f" testName="PintarEjeTest" computerName="ASUS" duration="00:00:00.0922175" startTime="2014-07-29T22:40:56.0533688-05:00" endTime="2014-07-29T22:40:56.1494328-05:00" testType="13cdc9d9-ddb5-4fa4-a97d-d965ccfc6d4b" outcome="Inconclusive" testListId="8c84fa94-04c1-424b-9868-57a2d4851a1d" relativeResultsDirectory="5216ec47-1789-495f-a07c-43a306e21cdc">
      <Output>
        <ErrorInfo>
          <Message>Assert.Inconclusive failed. A method that does not return a value cannot be verified.</Message>
          <StackTrace>   en TDDVentura.GestPerfilNeumaticoTest.PintarEjeTest() en C:\Users\Antonio\Desktop\Ventura20140728\Ventura\TDDVentura\GestPerfilNeumaticoTest.cs:línea 244
</StackTrace>
        </ErrorInfo>
      </Output>
    </UnitTestResult>
    <UnitTestResult executionId="f2b0be77-680a-487e-bab9-e0aea7432576" testId="34633317-8120-3ba5-dc7b-d26e0e8fe124" testName="cboNroLlanta_SelectedIndexChangedTest" computerName="ASUS" duration="00:00:00.0519166" startTime="2014-07-29T22:40:56.1554373-05:00" endTime="2014-07-29T22:40:56.2124770-05:00" testType="13cdc9d9-ddb5-4fa4-a97d-d965ccfc6d4b" outcome="Failed" testListId="8c84fa94-04c1-424b-9868-57a2d4851a1d" relativeResultsDirectory="f2b0be77-680a-487e-bab9-e0aea7432576">
      <Output>
        <ErrorInfo>
          <Message>Test method TDDVentura.GestPerfilNeumaticoTest.cboNroLlanta_SelectedIndexChangedTest threw exception: 
System.NullReferenceException: Referencia a objeto no establecida como instancia de un objeto.</Message>
          <StackTrace>   en AplicacionSistemaVentura.PAQ01_Definicion.GestPerfilNeumatico_Accessor.cboNroLlanta_SelectedIndexChanged(Object sender, RoutedEventArgs e)
   en TDDVentura.GestPerfilNeumaticoTest.cboNroLlanta_SelectedIndexChangedTest() en C:\Users\Antonio\Desktop\Ventura20140728\Ventura\TDDVentura\GestPerfilNeumaticoTest.cs:línea 440
</StackTrace>
        </ErrorInfo>
      </Output>
    </UnitTestResult>
    <UnitTestResult executionId="eb4dac37-2e88-4b3d-b234-03a5e5e61750" testId="11c777dd-0af4-f0d8-77a4-88d47b2ecec0" testName="OutFocusTest" computerName="ASUS" duration="00:00:00.0617984" startTime="2014-07-29T22:40:56.2184793-05:00" endTime="2014-07-29T22:40:56.2835227-05:00" testType="13cdc9d9-ddb5-4fa4-a97d-d965ccfc6d4b" outcome="Failed" testListId="8c84fa94-04c1-424b-9868-57a2d4851a1d" relativeResultsDirectory="eb4dac37-2e88-4b3d-b234-03a5e5e61750">
      <Output>
        <ErrorInfo>
          <Message>Test method TDDVentura.GestPerfilNeumaticoTest.OutFocusTest threw exception: 
System.NullReferenceException: Referencia a objeto no establecida como instancia de un objeto.</Message>
          <StackTrace>   en AplicacionSistemaVentura.PAQ01_Definicion.GestPerfilNeumatico_Accessor.OutFocus(Object sender, RoutedEventArgs e)
   en TDDVentura.GestPerfilNeumaticoTest.OutFocusTest() en C:\Users\Antonio\Desktop\Ventura20140728\Ventura\TDDVentura\GestPerfilNeumaticoTest.cs:línea 230
</StackTrace>
        </ErrorInfo>
      </Output>
    </UnitTestResult>
    <UnitTestResult executionId="26da05b6-3ac0-4911-8d99-3439b25f8706" testId="8b6778f1-037d-45dd-245d-e889450b603b" testName="tbvPerfNeumEje_ShowingEditorTest" computerName="ASUS" duration="00:00:00.0446280" startTime="2014-07-29T22:40:56.2875282-05:00" endTime="2014-07-29T22:40:56.3355567-05:00" testType="13cdc9d9-ddb5-4fa4-a97d-d965ccfc6d4b" outcome="Failed" testListId="8c84fa94-04c1-424b-9868-57a2d4851a1d" relativeResultsDirectory="26da05b6-3ac0-4911-8d99-3439b25f8706">
      <Output>
        <ErrorInfo>
          <Message>Test method TDDVentura.GestPerfilNeumaticoTest.tbvPerfNeumEje_ShowingEditorTest threw exception: 
System.NullReferenceException: Referencia a objeto no establecida como instancia de un objeto.</Message>
          <StackTrace>   en AplicacionSistemaVentura.PAQ01_Definicion.GestPerfilNeumatico_Accessor.tbvPerfNeumEje_ShowingEditor(Object sender, ShowingEditorEventArgs e)
   en TDDVentura.GestPerfilNeumaticoTest.tbvPerfNeumEje_ShowingEditorTest() en C:\Users\Antonio\Desktop\Ventura20140728\Ventura\TDDVentura\GestPerfilNeumaticoTest.cs:línea 468
</StackTrace>
        </ErrorInfo>
      </Output>
    </UnitTestResult>
    <UnitTestResult executionId="66a711d4-90e8-4887-9258-cca295fb8ef3" testId="b8c84d8e-4b9b-f64d-be5d-9b02bdddf3f1" testName="btnNuevo_ClickTest" computerName="ASUS" duration="00:00:00.0598934" startTime="2014-07-29T22:40:56.3405629-05:00" endTime="2014-07-29T22:40:56.4023004-05:00" testType="13cdc9d9-ddb5-4fa4-a97d-d965ccfc6d4b" outcome="Inconclusive" testListId="8c84fa94-04c1-424b-9868-57a2d4851a1d" relativeResultsDirectory="66a711d4-90e8-4887-9258-cca295fb8ef3">
      <Output>
        <ErrorInfo>
          <Message>Assert.Inconclusive failed. A method that does not return a value cannot be verified.</Message>
          <StackTrace>   en TDDVentura.GestPerfilNeumaticoTest.btnNuevo_ClickTest() en C:\Users\Antonio\Desktop\Ventura20140728\Ventura\TDDVentura\GestPerfilNeumaticoTest.cs:línea 399
</StackTrace>
        </ErrorInfo>
      </Output>
    </UnitTestResult>
    <UnitTestResult executionId="c07afd54-5696-4e28-b93a-eeeafca4b228" testId="57c22915-1571-3ea8-b1d3-5bb3f1000b53" testName="btnEditar_ClickTest" computerName="ASUS" duration="00:00:00.0580027" startTime="2014-07-29T22:40:56.4073043-05:00" endTime="2014-07-29T22:40:56.4694454-05:00" testType="13cdc9d9-ddb5-4fa4-a97d-d965ccfc6d4b" outcome="Failed" testListId="8c84fa94-04c1-424b-9868-57a2d4851a1d" relativeResultsDirectory="c07afd54-5696-4e28-b93a-eeeafca4b228">
      <Output>
        <ErrorInfo>
          <Message>Test method TDDVentura.GestPerfilNeumaticoTest.btnEditar_ClickTest threw exception: 
System.NullReferenceException: Referencia a objeto no establecida como instancia de un objeto.</Message>
          <StackTrace>   en AplicacionSistemaVentura.PAQ01_Definicion.GestPerfilNeumatico_Accessor.btnEditar_Click(Object sender, RoutedEventArgs e)
   en TDDVentura.GestPerfilNeumaticoTest.btnEditar_ClickTest() en C:\Users\Antonio\Desktop\Ventura20140728\Ventura\TDDVentura\GestPerfilNeumaticoTest.cs:línea 370
</StackTrace>
        </ErrorInfo>
      </Output>
    </UnitTestResult>
    <UnitTestResult executionId="b5aee388-113b-4e1d-b36c-9504363a3722" testId="3c2bda18-d360-568f-272c-fb0f18e86a1b" testName="cboNroEje_SelectedIndexChangedTest" computerName="ASUS" duration="00:00:00.0564250" startTime="2014-07-29T22:40:56.4744493-05:00" endTime="2014-07-29T22:40:56.5354905-05:00" testType="13cdc9d9-ddb5-4fa4-a97d-d965ccfc6d4b" outcome="Failed" testListId="8c84fa94-04c1-424b-9868-57a2d4851a1d" relativeResultsDirectory="b5aee388-113b-4e1d-b36c-9504363a3722">
      <Output>
        <ErrorInfo>
          <Message>Test method TDDVentura.GestPerfilNeumaticoTest.cboNroEje_SelectedIndexChangedTest threw exception: 
System.NullReferenceException: Referencia a objeto no establecida como instancia de un objeto.</Message>
          <StackTrace>   en AplicacionSistemaVentura.PAQ01_Definicion.GestPerfilNeumatico_Accessor.cboNroEje_SelectedIndexChanged(Object sender, RoutedEventArgs e)
   en TDDVentura.GestPerfilNeumaticoTest.cboNroEje_SelectedIndexChangedTest() en C:\Users\Antonio\Desktop\Ventura20140728\Ventura\TDDVentura\GestPerfilNeumaticoTest.cs:línea 426
</StackTrace>
        </ErrorInfo>
      </Output>
    </UnitTestResult>
    <UnitTestResult executionId="c055194c-0084-41c6-a4c2-e986747a83ce" testId="ca69f6f9-6574-3eb0-08b3-d8e1fde2504a" testName="ComboEnGrillaTest" computerName="ASUS" duration="00:00:00.0609699" startTime="2014-07-29T22:40:56.5404933-05:00" endTime="2014-07-29T22:40:56.6045365-05:00" testType="13cdc9d9-ddb5-4fa4-a97d-d965ccfc6d4b" outcome="Failed" testListId="8c84fa94-04c1-424b-9868-57a2d4851a1d" relativeResultsDirectory="c055194c-0084-41c6-a4c2-e986747a83ce">
      <Output>
        <ErrorInfo>
          <Message>Test method TDDVentura.GestPerfilNeumaticoTest.ComboEnGrillaTest threw exception: 
System.NullReferenceException: Referencia a objeto no establecida como instancia de un objeto.</Message>
          <StackTrace>   en AplicacionSistemaVentura.PAQ01_Definicion.GestPerfilNeumatico_Accessor.ComboEnGrilla(DataTable tblDetalleEjeresult)
   en TDDVentura.GestPerfilNeumaticoTest.ComboEnGrillaTest() en C:\Users\Antonio\Desktop\Ventura20140728\Ventura\TDDVentura\GestPerfilNeumaticoTest.cs:línea 104
</StackTrace>
        </ErrorInfo>
      </Output>
    </UnitTestResult>
    <UnitTestResult executionId="cf98acec-9a06-4a8f-ba77-8fdc8ded646b" testId="4e485c4f-a7e9-6a97-d8e7-746b90629991" testName="OnFocusTest" computerName="ASUS" duration="00:00:00.0577358" startTime="2014-07-29T22:40:56.6105399-05:00" endTime="2014-07-29T22:40:56.6715811-05:00" testType="13cdc9d9-ddb5-4fa4-a97d-d965ccfc6d4b" outcome="Failed" testListId="8c84fa94-04c1-424b-9868-57a2d4851a1d" relativeResultsDirectory="cf98acec-9a06-4a8f-ba77-8fdc8ded646b">
      <Output>
        <ErrorInfo>
          <Message>Test method TDDVentura.GestPerfilNeumaticoTest.OnFocusTest threw exception: 
System.NullReferenceException: Referencia a objeto no establecida como instancia de un objeto.</Message>
          <StackTrace>   en AplicacionSistemaVentura.PAQ01_Definicion.GestPerfilNeumatico_Accessor.OnFocus(Object sender, RoutedEventArgs e)
   en TDDVentura.GestPerfilNeumaticoTest.OnFocusTest() en C:\Users\Antonio\Desktop\Ventura20140728\Ventura\TDDVentura\GestPerfilNeumaticoTest.cs:línea 216
</StackTrace>
        </ErrorInfo>
      </Output>
    </UnitTestResult>
    <UnitTestResult executionId="bf84f602-fb4f-4595-b77e-b731cc4481a8" testId="e27987a3-b8f9-ddfd-d0b6-9ae2e8e51289" testName="btnCancelar_ClickTest" computerName="ASUS" duration="00:00:00.0455237" startTime="2014-07-29T22:40:56.6775840-05:00" endTime="2014-07-29T22:40:56.7256171-05:00" testType="13cdc9d9-ddb5-4fa4-a97d-d965ccfc6d4b" outcome="Inconclusive" testListId="8c84fa94-04c1-424b-9868-57a2d4851a1d" relativeResultsDirectory="bf84f602-fb4f-4595-b77e-b731cc4481a8">
      <Output>
        <ErrorInfo>
          <Message>Assert.Inconclusive failed. A method that does not return a value cannot be verified.</Message>
          <StackTrace>   en TDDVentura.GestPerfilNeumaticoTest.btnCancelar_ClickTest() en C:\Users\Antonio\Desktop\Ventura20140728\Ventura\TDDVentura\GestPerfilNeumaticoTest.cs:línea 357
</StackTrace>
        </ErrorInfo>
      </Output>
    </UnitTestResult>
    <UnitTestResult executionId="b32d3a9b-55a4-4d03-a6b6-f1650541fd4d" testId="f106a0a9-d39f-1ab3-5a92-69c914f90985" testName="ConnectTest1" computerName="ASUS" duration="00:00:00.0448777" startTime="2014-07-29T22:40:56.7306193-05:00" endTime="2014-07-29T22:40:56.7776529-05:00" testType="13cdc9d9-ddb5-4fa4-a97d-d965ccfc6d4b" outcome="Inconclusive" testListId="8c84fa94-04c1-424b-9868-57a2d4851a1d" relativeResultsDirectory="b32d3a9b-55a4-4d03-a6b6-f1650541fd4d">
      <Output>
        <ErrorInfo>
          <Message>Assert.Inconclusive failed. A method that does not return a value cannot be verified.</Message>
          <StackTrace>   en TDDVentura.GestPerfilNeumaticoTest.ConnectTest1() en C:\Users\Antonio\Desktop\Ventura20140728\Ventura\TDDVentura\GestPerfilNeumaticoTest.cs:línea 299
</StackTrace>
        </ErrorInfo>
      </Output>
    </UnitTestResult>
    <UnitTestResult executionId="33d8fb95-999e-4d80-8ca3-2198ad2ac24b" testId="90e48841-9508-a43f-fbc8-f29a03ce34e0" testName="ConnectTest" computerName="ASUS" duration="00:00:00.0726324" startTime="2014-07-29T22:40:56.7826540-05:00" endTime="2014-07-29T22:40:56.8587058-05:00" testType="13cdc9d9-ddb5-4fa4-a97d-d965ccfc6d4b" outcome="Inconclusive" testListId="8c84fa94-04c1-424b-9868-57a2d4851a1d" relativeResultsDirectory="33d8fb95-999e-4d80-8ca3-2198ad2ac24b">
      <Output>
        <ErrorInfo>
          <Message>Assert.Inconclusive failed. A method that does not return a value cannot be verified.</Message>
          <StackTrace>   en TDDVentura.GestPerfilNeumaticoTest.ConnectTest() en C:\Users\Antonio\Desktop\Ventura20140728\Ventura\TDDVentura\GestPerfilNeumaticoTest.cs:línea 285
</StackTrace>
        </ErrorInfo>
      </Output>
    </UnitTestResult>
    <UnitTestResult executionId="96ff7ca9-1d5a-409d-86af-89c9f430fa68" testId="6361acdc-dcba-73b3-4473-e46e9bf64d59" testName="LimpiarControlesTest" computerName="ASUS" duration="00:00:00.0602823" startTime="2014-07-29T22:40:56.8677118-05:00" endTime="2014-07-29T22:40:56.9327563-05:00" testType="13cdc9d9-ddb5-4fa4-a97d-d965ccfc6d4b" outcome="Inconclusive" testListId="8c84fa94-04c1-424b-9868-57a2d4851a1d" relativeResultsDirectory="96ff7ca9-1d5a-409d-86af-89c9f430fa68">
      <Output>
        <ErrorInfo>
          <Message>Assert.Inconclusive failed. A method that does not return a value cannot be verified.</Message>
          <StackTrace>   en TDDVentura.GestPerfilNeumaticoTest.LimpiarControlesTest() en C:\Users\Antonio\Desktop\Ventura20140728\Ventura\TDDVentura\GestPerfilNeumaticoTest.cs:línea 164
</StackTrace>
        </ErrorInfo>
      </Output>
    </UnitTestResult>
    <UnitTestResult executionId="6acc7094-e5f8-455d-beb8-c16df3f5ffc8" testId="b2ed2b79-3302-03b0-5c80-29da7832a8fb" testName="ValidaCampoObligadoTest" computerName="ASUS" duration="00:00:00.0785925" startTime="2014-07-29T22:40:56.9387580-05:00" endTime="2014-07-29T22:40:57.0198137-05:00" testType="13cdc9d9-ddb5-4fa4-a97d-d965ccfc6d4b" outcome="Failed" testListId="8c84fa94-04c1-424b-9868-57a2d4851a1d" relativeResultsDirectory="6acc7094-e5f8-455d-beb8-c16df3f5ffc8">
      <Output>
        <ErrorInfo>
          <Message>Test method TDDVentura.GestPerfilNeumaticoTest.ValidaCampoObligadoTest threw exception: 
System.NullReferenceException: Referencia a objeto no establecida como instancia de un objeto.</Message>
          <StackTrace>   en AplicacionSistemaVentura.PAQ01_Definicion.GestPerfilNeumatico_Accessor.ValidaCampoObligado()
   en TDDVentura.GestPerfilNeumaticoTest.ValidaCampoObligadoTest() en C:\Users\Antonio\Desktop\Ventura20140728\Ventura\TDDVentura\GestPerfilNeumaticoTest.cs:línea 326
</StackTrace>
        </ErrorInfo>
      </Output>
    </UnitTestResult>
    <UnitTestResult executionId="3803071d-ccae-46a0-90e7-7667e07bc511" testId="d3f917b7-7d71-0dec-4604-1a2bcf60978b" testName="InitializeComponentTest" computerName="ASUS" duration="00:00:00.0739769" startTime="2014-07-29T22:40:57.0248153-05:00" endTime="2014-07-29T22:40:57.1018666-05:00" testType="13cdc9d9-ddb5-4fa4-a97d-d965ccfc6d4b" outcome="Inconclusive" testListId="8c84fa94-04c1-424b-9868-57a2d4851a1d" relativeResultsDirectory="3803071d-ccae-46a0-90e7-7667e07bc511">
      <Output>
        <ErrorInfo>
          <Message>Assert.Inconclusive failed. A method that does not return a value cannot be verified.</Message>
          <StackTrace>   en TDDVentura.GestPerfilNeumaticoTest.InitializeComponentTest() en C:\Users\Antonio\Desktop\Ventura20140728\Ventura\TDDVentura\GestPerfilNeumaticoTest.cs:línea 152
</StackTrace>
        </ErrorInfo>
      </Output>
    </UnitTestResult>
    <UnitTestResult executionId="3f71c35f-12a9-4449-94c0-ffb7e5f4986f" testId="c34a7807-1e8f-c9a3-ac6c-4e8a2d3a8f28" testName="btnGrabar_ClickTest" computerName="ASUS" duration="00:00:00.0477526" startTime="2014-07-29T22:40:57.1088713-05:00" endTime="2014-07-29T22:40:57.1609065-05:00" testType="13cdc9d9-ddb5-4fa4-a97d-d965ccfc6d4b" outcome="Failed" testListId="8c84fa94-04c1-424b-9868-57a2d4851a1d" relativeResultsDirectory="3f71c35f-12a9-4449-94c0-ffb7e5f4986f">
      <Output>
        <ErrorInfo>
          <Message>Test method TDDVentura.GestPerfilNeumaticoTest.btnGrabar_ClickTest threw exception: 
System.NullReferenceException: Referencia a objeto no establecida como instancia de un objeto.</Message>
          <StackTrace>   en AplicacionSistemaVentura.PAQ01_Definicion.GestPerfilNeumatico_Accessor.btnGrabar_Click(Object sender, RoutedEventArgs e)
   en TDDVentura.GestPerfilNeumaticoTest.btnGrabar_ClickTest() en C:\Users\Antonio\Desktop\Ventura20140728\Ventura\TDDVentura\GestPerfilNeumaticoTest.cs:línea 384
</StackTrace>
        </ErrorInfo>
      </Output>
    </UnitTestResult>
    <UnitTestResult executionId="4205f482-d8bf-47fd-bb3a-a3c2ac01557c" testId="cd692052-1e14-8b68-94e8-48fd0eaf37eb" testName="UserControl_LoadedTest" computerName="ASUS" duration="00:00:00.0708146" startTime="2014-07-29T22:40:57.1659093-05:00" endTime="2014-07-29T22:40:57.2399597-05:00" testType="13cdc9d9-ddb5-4fa4-a97d-d965ccfc6d4b" outcome="Failed" testListId="8c84fa94-04c1-424b-9868-57a2d4851a1d" relativeResultsDirectory="4205f482-d8bf-47fd-bb3a-a3c2ac01557c">
      <Output>
        <ErrorInfo>
          <Message>Test method TDDVentura.GestPerfilNeumaticoTest.UserControl_LoadedTest threw exception: 
System.NullReferenceException: Referencia a objeto no establecida como instancia de un objeto.</Message>
          <StackTrace>   en AplicacionSistemaVentura.PAQ01_Definicion.GestPerfilNeumatico_Accessor.UserControl_Loaded(Object sender, RoutedEventArgs e)
   en TDDVentura.GestPerfilNeumaticoTest.UserControl_LoadedTest() en C:\Users\Antonio\Desktop\Ventura20140728\Ventura\TDDVentura\GestPerfilNeumaticoTest.cs:línea 312
</StackTrace>
        </ErrorInfo>
      </Output>
    </UnitTestResult>
    <UnitTestResult executionId="995bce20-21d9-4a8d-bab3-bc9a2a8ab96c" testId="e6c1ca1b-aff0-7448-2e55-ad7dfbe24679" testName="ValidaLogicaNegocioTest" computerName="ASUS" duration="00:00:00.0508025" startTime="2014-07-29T22:40:57.2509665-05:00" endTime="2014-07-29T22:40:57.3060037-05:00" testType="13cdc9d9-ddb5-4fa4-a97d-d965ccfc6d4b" outcome="Failed" testListId="8c84fa94-04c1-424b-9868-57a2d4851a1d" relativeResultsDirectory="995bce20-21d9-4a8d-bab3-bc9a2a8ab96c">
      <Output>
        <ErrorInfo>
          <Message>Test method TDDVentura.GestPerfilNeumaticoTest.ValidaLogicaNegocioTest threw exception: 
System.NullReferenceException: Referencia a objeto no establecida como instancia de un objeto.</Message>
          <StackTrace>   en AplicacionSistemaVentura.PAQ01_Definicion.GestPerfilNeumatico_Accessor.ValidaLogicaNegocio()
   en TDDVentura.GestPerfilNeumaticoTest.ValidaLogicaNegocioTest() en C:\Users\Antonio\Desktop\Ventura20140728\Ventura\TDDVentura\GestPerfilNeumaticoTest.cs:línea 341
</StackTrace>
        </ErrorInfo>
      </Output>
    </UnitTestResult>
    <UnitTestResult executionId="63f98d6e-f355-42e6-a43f-05825e2226e2" testId="39da4c68-d679-c2d7-f103-8758675e8bef" testName="dtgPerfNeum_MouseDoubleClickTest" computerName="ASUS" duration="00:00:00.0442306" startTime="2014-07-29T22:40:57.3110065-05:00" endTime="2014-07-29T22:40:57.3590396-05:00" testType="13cdc9d9-ddb5-4fa4-a97d-d965ccfc6d4b" outcome="Failed" testListId="8c84fa94-04c1-424b-9868-57a2d4851a1d" relativeResultsDirectory="63f98d6e-f355-42e6-a43f-05825e2226e2">
      <Output>
        <ErrorInfo>
          <Message>Test method TDDVentura.GestPerfilNeumaticoTest.dtgPerfNeum_MouseDoubleClickTest threw exception: 
System.NullReferenceException: Referencia a objeto no establecida como instancia de un objeto.</Message>
          <StackTrace>   en AplicacionSistemaVentura.PAQ01_Definicion.GestPerfilNeumatico_Accessor.dtgPerfNeum_MouseDoubleClick(Object sender, MouseButtonEventArgs e)
   en TDDVentura.GestPerfilNeumaticoTest.dtgPerfNeum_MouseDoubleClickTest() en C:\Users\Antonio\Desktop\Ventura20140728\Ventura\TDDVentura\GestPerfilNeumaticoTest.cs:línea 454
</StackTrace>
        </ErrorInfo>
      </Output>
    </UnitTestResult>
    <UnitTestResult executionId="6ef70264-8c81-4cf1-a351-190d1780ad73" testId="e3f5b30e-dd1d-7e93-6278-3536b04a9ab4" testName="LimpiarGridTest" computerName="ASUS" duration="00:00:00.0404850" startTime="2014-07-29T22:40:57.3630412-05:00" endTime="2014-07-29T22:40:57.4070722-05:00" testType="13cdc9d9-ddb5-4fa4-a97d-d965ccfc6d4b" outcome="Failed" testListId="8c84fa94-04c1-424b-9868-57a2d4851a1d" relativeResultsDirectory="6ef70264-8c81-4cf1-a351-190d1780ad73">
      <Output>
        <ErrorInfo>
          <Message>Test method TDDVentura.GestPerfilNeumaticoTest.LimpiarGridTest threw exception: 
System.ArgumentNullException: El valor no puede ser nulo.
Nombre del parámetro: element</Message>
          <StackTrace>   en AplicacionSistemaVentura.PAQ01_Definicion.GestPerfilNeumatico_Accessor.LimpiarGrid(Grid grilla)
   en TDDVentura.GestPerfilNeumaticoTest.LimpiarGridTest() en C:\Users\Antonio\Desktop\Ventura20140728\Ventura\TDDVentura\GestPerfilNeumaticoTest.cs:línea 176
</StackTrace>
        </ErrorInfo>
      </Output>
    </UnitTestResult>
    <UnitTestResult executionId="62082e45-f5f7-4dab-9cc5-b2e0736a707c" testId="a455db1e-363b-049c-80f3-977dbf6a9fd5" testName="EstadoFormTest" computerName="ASUS" duration="00:00:00.0529309" startTime="2014-07-29T22:40:57.4110726-05:00" endTime="2014-07-29T22:40:57.4671122-05:00" testType="13cdc9d9-ddb5-4fa4-a97d-d965ccfc6d4b" outcome="Inconclusive" testListId="8c84fa94-04c1-424b-9868-57a2d4851a1d" relativeResultsDirectory="62082e45-f5f7-4dab-9cc5-b2e0736a707c">
      <Output>
        <ErrorInfo>
          <Message>Assert.Inconclusive failed. A method that does not return a value cannot be verified.</Message>
          <StackTrace>   en TDDVentura.GestPerfilNeumaticoTest.EstadoFormTest() en C:\Users\Antonio\Desktop\Ventura20140728\Ventura\TDDVentura\GestPerfilNeumaticoTest.cs:línea 141
</StackTrace>
        </ErrorInfo>
      </Output>
    </UnitTestResult>
    <UnitTestResult executionId="61849cdf-684b-4fd9-aad4-5b20ddf0b31d" testId="032808ca-936c-77d5-07ff-2d8ae417dc2f" testName="ListarPerfilNeumaticoTest" computerName="ASUS" duration="00:00:00.0451069" startTime="2014-07-29T22:40:57.4721138-05:00" endTime="2014-07-29T22:40:57.5191468-05:00" testType="13cdc9d9-ddb5-4fa4-a97d-d965ccfc6d4b" outcome="Failed" testListId="8c84fa94-04c1-424b-9868-57a2d4851a1d" relativeResultsDirectory="61849cdf-684b-4fd9-aad4-5b20ddf0b31d">
      <Output>
        <ErrorInfo>
          <Message>Test method TDDVentura.GestPerfilNeumaticoTest.ListarPerfilNeumaticoTest threw exception: 
System.NullReferenceException: Referencia a objeto no establecida como instancia de un objeto.</Message>
          <StackTrace>   en AplicacionSistemaVentura.PAQ01_Definicion.GestPerfilNeumatico_Accessor.ListarPerfilNeumatico()
   en TDDVentura.GestPerfilNeumaticoTest.ListarPerfilNeumaticoTest() en C:\Users\Antonio\Desktop\Ventura20140728\Ventura\TDDVentura\GestPerfilNeumaticoTest.cs:línea 188
</StackTrace>
        </ErrorInfo>
      </Output>
    </UnitTestResult>
    <UnitTestResult executionId="68bc3e8f-95a7-4644-8914-c073c8e92916" testId="6c100e5e-4551-8023-cd41-1ac3bd84f1ba" testName="EstadoEdicionTest" computerName="ASUS" duration="00:00:00.0430138" startTime="2014-07-29T22:40:57.5241485-05:00" endTime="2014-07-29T22:40:57.5701814-05:00" testType="13cdc9d9-ddb5-4fa4-a97d-d965ccfc6d4b" outcome="Inconclusive" testListId="8c84fa94-04c1-424b-9868-57a2d4851a1d" relativeResultsDirectory="68bc3e8f-95a7-4644-8914-c073c8e92916">
      <Output>
        <ErrorInfo>
          <Message>Assert.Inconclusive failed. A method that does not return a value cannot be verified.</Message>
          <StackTrace>   en TDDVentura.GestPerfilNeumaticoTest.EstadoEdicionTest() en C:\Users\Antonio\Desktop\Ventura20140728\Ventura\TDDVentura\GestPerfilNeumaticoTest.cs:línea 129
</StackTrace>
        </ErrorInfo>
      </Output>
    </UnitTestResult>
    <UnitTestResult executionId="dfb96feb-2cca-49e6-b214-7d84be61dde8" testId="3350f1ef-bae7-a170-28a2-f6d4ef908ec2" testName="cboLlanRepu_SelectedIndexChangedTest" computerName="ASUS" duration="00:00:00.0645045" startTime="2014-07-29T22:40:57.5761826-05:00" endTime="2014-07-29T22:40:57.6432284-05:00" testType="13cdc9d9-ddb5-4fa4-a97d-d965ccfc6d4b" outcome="Inconclusive" testListId="8c84fa94-04c1-424b-9868-57a2d4851a1d" relativeResultsDirectory="dfb96feb-2cca-49e6-b214-7d84be61dde8">
      <Output>
        <ErrorInfo>
          <Message>Assert.Inconclusive failed. A method that does not return a value cannot be verified.</Message>
          <StackTrace>   en TDDVentura.GestPerfilNeumaticoTest.cboLlanRepu_SelectedIndexChangedTest() en C:\Users\Antonio\Desktop\Ventura20140728\Ventura\TDDVentura\GestPerfilNeumaticoTest.cs:línea 413
</StackTrace>
        </ErrorInfo>
      </Output>
    </UnitTestResult>
    <UnitTestResult executionId="0404d225-0b25-481b-8e96-07ccbd1e9280" testId="0848aa6c-780c-1647-89fc-4a00f35cb2b0" testName="GestPerfilNeumaticoConstructorTest1" computerName="ASUS" duration="00:00:00.0456777" startTime="2014-07-29T22:40:57.6502324-05:00" endTime="2014-07-29T22:40:57.6992651-05:00" testType="13cdc9d9-ddb5-4fa4-a97d-d965ccfc6d4b" outcome="Inconclusive" testListId="8c84fa94-04c1-424b-9868-57a2d4851a1d" relativeResultsDirectory="0404d225-0b25-481b-8e96-07ccbd1e9280">
      <Output>
        <ErrorInfo>
          <Message>Assert.Inconclusive failed. TODO: Implement code to verify target</Message>
          <StackTrace>   en TDDVentura.GestPerfilNeumaticoTest.GestPerfilNeumaticoConstructorTest1() en C:\Users\Antonio\Desktop\Ventura20140728\Ventura\TDDVentura\GestPerfilNeumaticoTest.cs:línea 92
</StackTrace>
        </ErrorInfo>
      </Output>
    </UnitTestResult>
    <UnitTestResult executionId="25db08cf-5e3f-4f46-9c90-20e30f10e02d" testId="d55aab20-b9c5-4a2d-3177-a2f8f5f39c9b" testName="DetallePerfilNeumaticoTest" computerName="ASUS" duration="00:00:00.0412263" startTime="2014-07-29T22:40:57.7032683-05:00" endTime="2014-07-29T22:40:57.7472988-05:00" testType="13cdc9d9-ddb5-4fa4-a97d-d965ccfc6d4b" outcome="Failed" testListId="8c84fa94-04c1-424b-9868-57a2d4851a1d" relativeResultsDirectory="25db08cf-5e3f-4f46-9c90-20e30f10e02d">
      <Output>
        <ErrorInfo>
          <Message>Test method TDDVentura.GestPerfilNeumaticoTest.DetallePerfilNeumaticoTest threw exception: 
System.NullReferenceException: Referencia a objeto no establecida como instancia de un objeto.</Message>
          <StackTrace>   en AplicacionSistemaVentura.PAQ01_Definicion.GestPerfilNeumatico_Accessor.DetallePerfilNeumatico()
   en TDDVentura.GestPerfilNeumaticoTest.DetallePerfilNeumaticoTest() en C:\Users\Antonio\Desktop\Ventura20140728\Ventura\TDDVentura\GestPerfilNeumaticoTest.cs:línea 116
</StackTrace>
        </ErrorInfo>
      </Output>
    </UnitTestResult>
  </Results>
</TestRun>