<?xml version="1.0" encoding="UTF-8"?>
<TestRun id="89dc7614-f6e3-43d3-8b50-4f2ac311614e" name="Antonio@ASUS 2014-07-29 22:47:41" runUser="ASUS\Antonio" xmlns="http://microsoft.com/schemas/VisualStudio/TeamTest/2010">
  <TestSettings name="Local" id="1eac7b48-8cea-4ebb-8de2-83729d3f2ba6">
    <Description>These are default test settings for a local test run.</Description>
    <Deployment enabled="false" runDeploymentRoot="Antonio_ASUS 2014-07-29 22_47_41">
      <DeploymentItem filename="C:\Users\Antonio\Desktop\Ventura20140728\Ventura\AplicacionSistemaVentura\bin\Debug\WPF.MDI.dll" />
      <DeploymentItem filename="C:\Users\Antonio\Desktop\Ventura20140728\Ventura\AplicacionSistemaVentura\bin\Debug\VIBlend.WPF.Utilities.dll" />
      <DeploymentItem filename="C:\Users\Antonio\Desktop\Ventura20140728\Ventura\Utilitarios\bin\Debug\Utilitarios.dll" />
      <DeploymentItem filename="C:\Users\Antonio\Desktop\Ventura20140728\Ventura\Entities\bin\Debug\Entities.dll" />
      <DeploymentItem filename="C:\Users\Antonio\Desktop\Ventura20140728\Ventura\AplicacionSistemaVentura\bin\Debug\iSBO_DA.dll" />
      <DeploymentItem filename="C:\Users\Antonio\Desktop\Ventura20140728\Ventura\AplicacionSistemaVentura\bin\Debug\AplicacionVentura.exe" />
      <DeploymentItem filename="C:\Users\Antonio\Desktop\Ventura20140728\Ventura\AplicacionSistemaVentura\bin\Debug\AplicacionSistemaVentura.exe" />
      <DeploymentItem filename="C:\Program Files (x86)\DevExpress 14.1\Components\Bin\Framework\DevExpress.Images.v14.1.dll" />
      <DeploymentItem filename="C:\Users\Antonio\Desktop\Ventura20140728\Ventura\AplicacionSistemaVentura\bin\Debug\iSBO_BE.dll" />
      <DeploymentItem filename="C:\Users\Antonio\Desktop\Ventura20140728\Ventura\AplicacionSistemaVentura\bin\Debug\VIBlend.WPF.Editors.dll" />
      <DeploymentItem filename="C:\Program Files (x86)\VIBlend\WPF Controls v.5.0\VIBlend.WPF.DataGrid.dll" />
      <DeploymentItem filename="C:\Users\Antonio\Desktop\Ventura20140728\Ventura\Business\bin\Debug\Business.dll" />
      <DeploymentItem filename="C:\Users\Antonio\Desktop\Ventura20140728\Ventura\AplicacionSistemaVentura\bin\Debug\InterfazMTTO.dll" />
      <DeploymentItem filename="C:\Users\Antonio\Desktop\Ventura20140728\Ventura\AplicacionSistemaVentura\bin\Debug\iSBO_Util.dll" />
    </Deployment>
    <Execution>
      <TestTypeSpecific />
      <AgentRule name="Execution Agents">
      </AgentRule>
    </Execution>
  </TestSettings>
  <Times creation="2014-07-29T22:47:41.6740449-05:00" queuing="2014-07-29T22:47:41.7550983-05:00" start="2014-07-29T22:47:41.7621012-05:00" finish="2014-07-29T22:47:42.5556304-05:00" />
  <ResultSummary outcome="Failed">
    <Counters total="1" executed="1" error="0" failed="1" timeout="0" aborted="0" inconclusive="0" passedButRunAborted="0" notRunnable="0" notExecuted="0" disconnected="0" warning="0" passed="0" completed="0" inProgress="0" pending="0" />
    <RunInfos>
      <RunInfo computerName="ASUS" outcome="Warning" timestamp="2014-07-29T22:47:41.7520963-05:00">
        <Text>Deployment is currently disabled. The deployment item 'AplicacionSistemaVentura.exe' on test 'TDDVentura.GestPerfilNeumaticoTest.DetallePerfilNeumaticoTest' was not deployed.</Text>
      </RunInfo>
    </RunInfos>
  </ResultSummary>
  <TestDefinitions>
    <UnitTest name="DetallePerfilNeumaticoTest" storage="c:\users\antonio\desktop\ventura20140728\ventura\tddventura\bin\debug\tddventura.dll" id="d55aab20-b9c5-4a2d-3177-a2f8f5f39c9b">
      <DeploymentItems>
        <DeploymentItem filename="AplicacionSistemaVentura.exe" />
      </DeploymentItems>
      <Execution id="0765dcba-4d51-41ef-94d4-f99deb8852ab" />
      <TestMethod codeBase="C:/Users/Antonio/Desktop/Ventura20140728/Ventura/TDDVentura/bin/Debug/TDDVentura.DLL" adapterTypeName="Microsoft.VisualStudio.TestTools.TestTypes.Unit.UnitTestAdapter, Microsoft.VisualStudio.QualityTools.Tips.UnitTest.Adapter, Version=10.0.0.0, Culture=neutral, PublicKeyToken=b03f5f7f11d50a3a" className="TDDVentura.GestPerfilNeumaticoTest, TDDVentura, Version=1.0.0.0, Culture=neutral, PublicKeyToken=null" name="DetallePerfilNeumaticoTest" />
    </UnitTest>
  </TestDefinitions>
  <TestLists>
    <TestList name="Results Not in a List" id="8c84fa94-04c1-424b-9868-57a2d4851a1d" />
    <TestList name="All Loaded Results" id="19431567-8539-422a-85d7-44ee4e166bda" />
  </TestLists>
  <TestEntries>
    <TestEntry testId="d55aab20-b9c5-4a2d-3177-a2f8f5f39c9b" executionId="0765dcba-4d51-41ef-94d4-f99deb8852ab" testListId="8c84fa94-04c1-424b-9868-57a2d4851a1d" />
  </TestEntries>
  <Results>
    <UnitTestResult executionId="0765dcba-4d51-41ef-94d4-f99deb8852ab" testId="d55aab20-b9c5-4a2d-3177-a2f8f5f39c9b" testName="DetallePerfilNeumaticoTest" computerName="ASUS" duration="00:00:00.4978478" startTime="2014-07-29T22:47:41.7671052-05:00" endTime="2014-07-29T22:47:42.5386208-05:00" testType="13cdc9d9-ddb5-4fa4-a97d-d965ccfc6d4b" outcome="Failed" testListId="8c84fa94-04c1-424b-9868-57a2d4851a1d" relativeResultsDirectory="0765dcba-4d51-41ef-94d4-f99deb8852ab">
      <Output>
        <ErrorInfo>
          <Message>Test method TDDVentura.GestPerfilNeumaticoTest.DetallePerfilNeumaticoTest threw exception: 
System.NullReferenceException: Referencia a objeto no establecida como instancia de un objeto.</Message>
          <StackTrace>   en AplicacionSistemaVentura.PAQ01_Definicion.GestPerfilNeumatico_Accessor.DetallePerfilNeumatico()
   en TDDVentura.GestPerfilNeumaticoTest.DetallePerfilNeumaticoTest() en C:\Users\Antonio\Desktop\Ventura20140728\Ventura\TDDVentura\GestPerfilNeumaticoTest.cs:línea 116
</StackTrace>
        </ErrorInfo>
      </Output>
    </UnitTestResult>
  </Results>
</TestRun>